              :-) GROMACS - gmx mdrun, 2021.4-Ubuntu-2021.4-2 (-:

                            GROMACS is written by:
     Andrey Alekseenko              Emile Apol              Rossen Apostolov     
         Paul Bauer           Herman J.C. Berendsen           Par Bjelkmar       
       Christian Blau           Viacheslav Bolnykh             Kevin Boyd        
     Aldert van Buuren           Rudi van Drunen             Anton Feenstra      
    Gilles Gouaillardet             Alan Gray               Gerrit Groenhof      
       Anca Hamuraru            Vincent Hindriksen          M. Eric Irrgang      
      Aleksei Iupinov           Christoph Junghans             Joe Jordan        
    Dimitrios Karkoulis            Peter Kasson                Jiri Kraus        
      Carsten Kutzner              Per Larsson              Justin A. Lemkul     
       Viveca Lindahl            Magnus Lundborg             Erik Marklund       
        Pascal Merz             Pieter Meulenhoff            Teemu Murtola       
        Szilard Pall               Sander Pronk              Roland Schulz       
       Michael Shirts            Alexey Shvetsov             Alfons Sijbers      
       Peter Tieleman              Jon Vincent              Teemu Virolainen     
     Christian Wennberg            Maarten Wolf              Artem Zhmurov       
                           and the project leaders:
        Mark Abraham, Berk Hess, Erik Lindahl, and David van der Spoel

Copyright (c) 1991-2000, University of Groningen, The Netherlands.
Copyright (c) 2001-2019, The GROMACS development team at
Uppsala University, Stockholm University and
the Royal Institute of Technology, Sweden.
check out http://www.gromacs.org for more information.

GROMACS is free software; you can redistribute it and/or modify it
under the terms of the GNU Lesser General Public License
as published by the Free Software Foundation; either version 2.1
of the License, or (at your option) any later version.

GROMACS:      gmx mdrun, version 2021.4-Ubuntu-2021.4-2
Executable:   /usr/bin/gmx
Data prefix:  /usr
Working dir:  /root/SIMULACRA/gmx_1
Process ID:   10909
Command line:
  gmx mdrun -v -deffnm md_0_1

GROMACS version:    2021.4-Ubuntu-2021.4-2
Precision:          mixed
Memory model:       64 bit
MPI library:        thread_mpi
OpenMP support:     enabled (GMX_OPENMP_MAX_THREADS = 64)
GPU support:        disabled
SIMD instructions:  SSE4.1
FFT library:        fftw-3.3.8-sse2-avx
RDTSCP usage:       enabled
TNG support:        enabled
Hwloc support:      hwloc-2.5.0
Tracing support:    disabled
C compiler:         /usr/bin/cc GNU 11.2.0
C compiler flags:   -msse4.1 -Wno-missing-field-initializers -fexcess-precision=fast -funroll-all-loops -O3 -DNDEBUG
C++ compiler:       /usr/bin/c++ GNU 11.2.0
C++ compiler flags: -msse4.1 -Wno-missing-field-initializers -fexcess-precision=fast -funroll-all-loops -fopenmp -O3 -DNDEBUG


Running on 1 node with total 2 cores, 4 logical cores
Hardware detected:
  CPU info:
    Vendor: Intel
    Brand:  Intel(R) Core(TM) i5-4210U CPU @ 1.70GHz
    Family: 6   Model: 69   Stepping: 1
    Features: aes apic avx avx2 clfsh cmov cx8 cx16 f16c fma htt intel lahf mmx msr pcid pclmuldq pdcm pdpe1gb popcnt pse rdrnd rdtscp sse2 sse3 sse4.1 sse4.2 ssse3
  Hardware topology: Full, with devices
    Sockets, cores, and logical processors:
      Socket  0: [   0   1] [   2   3]
    Numa nodes:
      Node  0 (4069281792 bytes mem):   0   1   2   3
      Latency:
               0
         0  1.00
    Caches:
      L1: 32768 bytes, linesize 64 bytes, assoc. 8, shared 2 ways
      L2: 262144 bytes, linesize 64 bytes, assoc. 8, shared 2 ways
      L3: 3145728 bytes, linesize 64 bytes, assoc. 12, shared 4 ways
    PCI devices:
      07f6:00:00.0  Id: 1af4:1049  Class: 0x0100  Numa: 0
      1157:00:00.0  Id: 1af4:1049  Class: 0x0100  Numa: 0
      141f:00:00.0  Id: 1af4:1049  Class: 0x0100  Numa: 0
      19e5:00:00.0  Id: 1af4:1049  Class: 0x0100  Numa: 0
      1a20:00:00.0  Id: 1af4:1049  Class: 0x0100  Numa: 0
      2894:00:00.0  Id: 1af4:1043  Class: 0x0100  Numa: 0
      42a7:00:00.0  Id: 1af4:1049  Class: 0x0100  Numa: 0
      4868:00:00.0  Id: 1af4:1049  Class: 0x0100  Numa: 0
      76b6:00:00.0  Id: 1af4:1049  Class: 0x0100  Numa: 0
      d687:00:00.0  Id: 1af4:1049  Class: 0x0100  Numa: 0
      ece5:00:00.0  Id: 1af4:1049  Class: 0x0100  Numa: 0
      eeec:00:00.0  Id: 1af4:1049  Class: 0x0100  Numa: 0

Highest SIMD level supported by all nodes in run: AVX2_256
SIMD instructions selected at compile time:       SSE4.1
This program was compiled for different hardware than you are running on,
which could influence performance.

++++ PLEASE READ AND CITE THE FOLLOWING REFERENCE ++++
M. J. Abraham, T. Murtola, R. Schulz, S. Páll, J. C. Smith, B. Hess, E.
Lindahl
GROMACS: High performance molecular simulations through multi-level
parallelism from laptops to supercomputers
SoftwareX 1 (2015) pp. 19-25
-------- -------- --- Thank You --- -------- --------


++++ PLEASE READ AND CITE THE FOLLOWING REFERENCE ++++
S. Páll, M. J. Abraham, C. Kutzner, B. Hess, E. Lindahl
Tackling Exascale Software Challenges in Molecular Dynamics Simulations with
GROMACS
In S. Markidis & E. Laure (Eds.), Solving Software Challenges for Exascale 8759 (2015) pp. 3-27
-------- -------- --- Thank You --- -------- --------


++++ PLEASE READ AND CITE THE FOLLOWING REFERENCE ++++
S. Pronk, S. Páll, R. Schulz, P. Larsson, P. Bjelkmar, R. Apostolov, M. R.
Shirts, J. C. Smith, P. M. Kasson, D. van der Spoel, B. Hess, and E. Lindahl
GROMACS 4.5: a high-throughput and highly parallel open source molecular
simulation toolkit
Bioinformatics 29 (2013) pp. 845-54
-------- -------- --- Thank You --- -------- --------


++++ PLEASE READ AND CITE THE FOLLOWING REFERENCE ++++
B. Hess and C. Kutzner and D. van der Spoel and E. Lindahl
GROMACS 4: Algorithms for highly efficient, load-balanced, and scalable
molecular simulation
J. Chem. Theory Comput. 4 (2008) pp. 435-447
-------- -------- --- Thank You --- -------- --------


++++ PLEASE READ AND CITE THE FOLLOWING REFERENCE ++++
D. van der Spoel, E. Lindahl, B. Hess, G. Groenhof, A. E. Mark and H. J. C.
Berendsen
GROMACS: Fast, Flexible and Free
J. Comp. Chem. 26 (2005) pp. 1701-1719
-------- -------- --- Thank You --- -------- --------


++++ PLEASE READ AND CITE THE FOLLOWING REFERENCE ++++
E. Lindahl and B. Hess and D. van der Spoel
GROMACS 3.0: A package for molecular simulation and trajectory analysis
J. Mol. Mod. 7 (2001) pp. 306-317
-------- -------- --- Thank You --- -------- --------


++++ PLEASE READ AND CITE THE FOLLOWING REFERENCE ++++
H. J. C. Berendsen, D. van der Spoel and R. van Drunen
GROMACS: A message-passing parallel molecular dynamics implementation
Comp. Phys. Comm. 91 (1995) pp. 43-56
-------- -------- --- Thank You --- -------- --------

Input Parameters:
   integrator                     = md
   tinit                          = 0
   dt                             = 0.002
   nsteps                         = 500000
   init-step                      = 0
   simulation-part                = 1
   mts                            = false
   comm-mode                      = Linear
   nstcomm                        = 100
   bd-fric                        = 0
   ld-seed                        = 1737122812
   emtol                          = 10
   emstep                         = 0.01
   niter                          = 20
   fcstep                         = 0
   nstcgsteep                     = 1000
   nbfgscorr                      = 10
   rtpi                           = 0.05
   nstxout                        = 0
   nstvout                        = 0
   nstfout                        = 0
   nstlog                         = 5000
   nstcalcenergy                  = 100
   nstenergy                      = 5000
   nstxout-compressed             = 5000
   compressed-x-precision         = 1000
   cutoff-scheme                  = Verlet
   nstlist                        = 10
   pbc                            = xyz
   periodic-molecules             = false
   verlet-buffer-tolerance        = 0.005
   rlist                          = 1
   coulombtype                    = PME
   coulomb-modifier               = Potential-shift
   rcoulomb-switch                = 0
   rcoulomb                       = 1
   epsilon-r                      = 1
   epsilon-rf                     = inf
   vdw-type                       = Cut-off
   vdw-modifier                   = Potential-shift
   rvdw-switch                    = 0
   rvdw                           = 1
   DispCorr                       = EnerPres
   table-extension                = 1
   fourierspacing                 = 0.16
   fourier-nx                     = 44
   fourier-ny                     = 44
   fourier-nz                     = 44
   pme-order                      = 4
   ewald-rtol                     = 1e-05
   ewald-rtol-lj                  = 0.001
   lj-pme-comb-rule               = Geometric
   ewald-geometry                 = 0
   epsilon-surface                = 0
   tcoupl                         = V-rescale
   nsttcouple                     = 10
   nh-chain-length                = 0
   print-nose-hoover-chain-variables = false
   pcoupl                         = Parrinello-Rahman
   pcoupltype                     = Isotropic
   nstpcouple                     = 10
   tau-p                          = 2
   compressibility (3x3):
      compressibility[    0]={ 4.50000e-05,  0.00000e+00,  0.00000e+00}
      compressibility[    1]={ 0.00000e+00,  4.50000e-05,  0.00000e+00}
      compressibility[    2]={ 0.00000e+00,  0.00000e+00,  4.50000e-05}
   ref-p (3x3):
      ref-p[    0]={ 1.00000e+00,  0.00000e+00,  0.00000e+00}
      ref-p[    1]={ 0.00000e+00,  1.00000e+00,  0.00000e+00}
      ref-p[    2]={ 0.00000e+00,  0.00000e+00,  1.00000e+00}
   refcoord-scaling               = No
   posres-com (3):
      posres-com[0]= 0.00000e+00
      posres-com[1]= 0.00000e+00
      posres-com[2]= 0.00000e+00
   posres-comB (3):
      posres-comB[0]= 0.00000e+00
      posres-comB[1]= 0.00000e+00
      posres-comB[2]= 0.00000e+00
   QMMM                           = false
qm-opts:
   ngQM                           = 0
   constraint-algorithm           = Lincs
   continuation                   = true
   Shake-SOR                      = false
   shake-tol                      = 0.0001
   lincs-order                    = 4
   lincs-iter                     = 1
   lincs-warnangle                = 30
   nwall                          = 0
   wall-type                      = 9-3
   wall-r-linpot                  = -1
   wall-atomtype[0]               = -1
   wall-atomtype[1]               = -1
   wall-density[0]                = 0
   wall-density[1]                = 0
   wall-ewald-zfac                = 3
   pull                           = false
   awh                            = false
   rotation                       = false
   interactiveMD                  = false
   disre                          = No
   disre-weighting                = Conservative
   disre-mixed                    = false
   dr-fc                          = 1000
   dr-tau                         = 0
   nstdisreout                    = 100
   orire-fc                       = 0
   orire-tau                      = 0
   nstorireout                    = 100
   free-energy                    = no
   cos-acceleration               = 0
   deform (3x3):
      deform[    0]={ 0.00000e+00,  0.00000e+00,  0.00000e+00}
      deform[    1]={ 0.00000e+00,  0.00000e+00,  0.00000e+00}
      deform[    2]={ 0.00000e+00,  0.00000e+00,  0.00000e+00}
   simulated-tempering            = false
   swapcoords                     = no
   userint1                       = 0
   userint2                       = 0
   userint3                       = 0
   userint4                       = 0
   userreal1                      = 0
   userreal2                      = 0
   userreal3                      = 0
   userreal4                      = 0
   applied-forces:
     electric-field:
       x:
         E0                       = 0
         omega                    = 0
         t0                       = 0
         sigma                    = 0
       y:
         E0                       = 0
         omega                    = 0
         t0                       = 0
         sigma                    = 0
       z:
         E0                       = 0
         omega                    = 0
         t0                       = 0
         sigma                    = 0
     density-guided-simulation:
       active                     = false
       group                      = protein
       similarity-measure         = inner-product
       atom-spreading-weight      = unity
       force-constant             = 1e+09
       gaussian-transform-spreading-width = 0.2
       gaussian-transform-spreading-range-in-multiples-of-width = 4
       reference-density-filename = reference.mrc
       nst                        = 1
       normalize-densities        = true
       adaptive-force-scaling     = false
       adaptive-force-scaling-time-constant = 4
       shift-vector               = 
       transformation-matrix      = 
grpopts:
   nrdf:     4920.79     63837.2
   ref-t:         300         300
   tau-t:         0.1         0.1
annealing:          No          No
annealing-npoints:           0           0
   acc:	           0           0           0
   nfreeze:           N           N           N
   energygrp-flags[  0]: 0

Changing nstlist from 10 to 50, rlist from 1 to 1.116

Using 1 MPI thread
Using 4 OpenMP threads 

Pinning threads with an auto-selected logical core stride of 1
System total charge: -0.000
Will do PME sum in reciprocal space for electrostatic interactions.

++++ PLEASE READ AND CITE THE FOLLOWING REFERENCE ++++
U. Essmann, L. Perera, M. L. Berkowitz, T. Darden, H. Lee and L. G. Pedersen 
A smooth particle mesh Ewald method
J. Chem. Phys. 103 (1995) pp. 8577-8592
-------- -------- --- Thank You --- -------- --------

Using a Gaussian width (1/beta) of 0.320163 nm for Ewald
Potential shift: LJ r^-12: -1.000e+00 r^-6: -1.000e+00, Ewald -1.000e-05
Initialized non-bonded Ewald tables, spacing: 9.33e-04 size: 1073

Generated table with 1058 data points for 1-4 COUL.
Tabscale = 500 points/nm
Generated table with 1058 data points for 1-4 LJ6.
Tabscale = 500 points/nm
Generated table with 1058 data points for 1-4 LJ12.
Tabscale = 500 points/nm
Long Range LJ corr.: <C6> 3.1923e-04


Using SIMD 4x4 nonbonded short-range kernels

Using a dual 4x4 pair-list setup updated with dynamic pruning:
  outer list: updated every 50 steps, buffer 0.116 nm, rlist 1.116 nm
  inner list: updated every 12 steps, buffer 0.003 nm, rlist 1.003 nm
At tolerance 0.005 kJ/mol/ps per atom, equivalent classical 1x1 list would be:
  outer list: updated every 50 steps, buffer 0.245 nm, rlist 1.245 nm
  inner list: updated every 12 steps, buffer 0.047 nm, rlist 1.047 nm

Using geometric Lennard-Jones combination rule

Initializing LINear Constraint Solver

++++ PLEASE READ AND CITE THE FOLLOWING REFERENCE ++++
B. Hess and H. Bekker and H. J. C. Berendsen and J. G. E. M. Fraaije
LINCS: A Linear Constraint Solver for molecular simulations
J. Comp. Chem. 18 (1997) pp. 1463-1472
-------- -------- --- Thank You --- -------- --------

The number of constraints is 959

++++ PLEASE READ AND CITE THE FOLLOWING REFERENCE ++++
S. Miyamoto and P. A. Kollman
SETTLE: An Analytical Version of the SHAKE and RATTLE Algorithms for Rigid
Water Models
J. Comp. Chem. 13 (1992) pp. 952-962
-------- -------- --- Thank You --- -------- --------


++++ PLEASE READ AND CITE THE FOLLOWING REFERENCE ++++
G. Bussi, D. Donadio and M. Parrinello
Canonical sampling through velocity rescaling
J. Chem. Phys. 126 (2007) pp. 014101
-------- -------- --- Thank You --- -------- --------

There are: 33876 Atoms
Center of mass motion removal mode is Linear
We have the following groups for center of mass motion removal:
  0:  rest

Started mdrun on rank 0 Tue Aug  8 10:00:33 2023

           Step           Time
              0        0.00000

   Energies (kJ/mol)
           Bond          Angle    Proper Dih. Ryckaert-Bell.          LJ-14
    1.40135e+03    3.70373e+03    2.39932e+02    1.79897e+03    2.70302e+03
     Coulomb-14        LJ (SR)  Disper. corr.   Coulomb (SR)   Coul. recip.
    7.77137e+03    9.24520e+04   -4.54746e+03   -6.32937e+05    3.02741e+03
      Potential    Kinetic En.   Total Energy  Conserved En.    Temperature
   -5.24387e+05    8.55815e+04   -4.38805e+05   -4.38785e+05    2.99401e+02
 Pres. DC (bar) Pressure (bar)   Constr. rmsd
   -2.24306e+02    6.02044e+00    2.87726e-06

           Step           Time
           5000       10.00000

   Energies (kJ/mol)
           Bond          Angle    Proper Dih. Ryckaert-Bell.          LJ-14
    1.43244e+03    4.00072e+03    2.44704e+02    1.88693e+03    2.57337e+03
     Coulomb-14        LJ (SR)  Disper. corr.   Coulomb (SR)   Coul. recip.
    7.71316e+03    9.28063e+04   -4.56096e+03   -6.32750e+05    3.04298e+03
      Potential    Kinetic En.   Total Energy  Conserved En.    Temperature
   -5.23611e+05    8.60142e+04   -4.37596e+05   -4.38732e+05    3.00914e+02
 Pres. DC (bar) Pressure (bar)   Constr. rmsd
   -2.25638e+02   -1.36999e+02    2.85524e-06

           Step           Time
          10000       20.00000

   Energies (kJ/mol)
           Bond          Angle    Proper Dih. Ryckaert-Bell.          LJ-14
    1.54457e+03    3.81258e+03    2.53455e+02    1.84631e+03    2.63366e+03
     Coulomb-14        LJ (SR)  Disper. corr.   Coulomb (SR)   Coul. recip.
    7.67228e+03    9.39809e+04   -4.56751e+03   -6.34468e+05    2.97514e+03
      Potential    Kinetic En.   Total Energy  Conserved En.    Temperature
   -5.24316e+05    8.54169e+04   -4.38899e+05   -4.38682e+05    2.98825e+02
 Pres. DC (bar) Pressure (bar)   Constr. rmsd
   -2.26286e+02    8.00317e+01    2.82505e-06

Writing checkpoint, step 13000 at Tue Aug  8 10:15:36 2023


           Step           Time
          15000       30.00000

   Energies (kJ/mol)
           Bond          Angle    Proper Dih. Ryckaert-Bell.          LJ-14
    1.37230e+03    3.72860e+03    2.45577e+02    1.79797e+03    2.66803e+03
     Coulomb-14        LJ (SR)  Disper. corr.   Coulomb (SR)   Coul. recip.
    7.72263e+03    9.38748e+04   -4.55713e+03   -6.34323e+05    2.90104e+03
      Potential    Kinetic En.   Total Energy  Conserved En.    Temperature
   -5.24569e+05    8.56350e+04   -4.38934e+05   -4.38664e+05    2.99588e+02
 Pres. DC (bar) Pressure (bar)   Constr. rmsd
   -2.25259e+02    3.25041e+01    2.58993e-06

           Step           Time
          20000       40.00000

   Energies (kJ/mol)
           Bond          Angle    Proper Dih. Ryckaert-Bell.          LJ-14
    1.38003e+03    3.72698e+03    2.55299e+02    1.76360e+03    2.65143e+03
     Coulomb-14        LJ (SR)  Disper. corr.   Coulomb (SR)   Coul. recip.
    7.80064e+03    9.37535e+04   -4.55556e+03   -6.34569e+05    3.05180e+03
      Potential    Kinetic En.   Total Energy  Conserved En.    Temperature
   -5.24741e+05    8.54741e+04   -4.39267e+05   -4.38606e+05    2.99025e+02
 Pres. DC (bar) Pressure (bar)   Constr. rmsd
   -2.25105e+02    3.31144e+01    2.86405e-06

           Step           Time
          25000       50.00000

   Energies (kJ/mol)
           Bond          Angle    Proper Dih. Ryckaert-Bell.          LJ-14
    1.47691e+03    3.57976e+03    2.51273e+02    1.79293e+03    2.61870e+03
     Coulomb-14        LJ (SR)  Disper. corr.   Coulomb (SR)   Coul. recip.
    7.79297e+03    9.31440e+04   -4.56535e+03   -6.35478e+05    2.96547e+03
      Potential    Kinetic En.   Total Energy  Conserved En.    Temperature
   -5.26422e+05    8.54705e+04   -4.40951e+05   -4.38570e+05    2.99012e+02
 Pres. DC (bar) Pressure (bar)   Constr. rmsd
   -2.26072e+02   -2.48338e+02    2.82491e-06

Writing checkpoint, step 26350 at Tue Aug  8 10:30:36 2023


           Step           Time
          30000       60.00000

   Energies (kJ/mol)
           Bond          Angle    Proper Dih. Ryckaert-Bell.          LJ-14
    1.47227e+03    3.72379e+03    2.70923e+02    1.77867e+03    2.64495e+03
     Coulomb-14        LJ (SR)  Disper. corr.   Coulomb (SR)   Coul. recip.
    7.80948e+03    9.46552e+04   -4.55817e+03   -6.36046e+05    2.90632e+03
      Potential    Kinetic En.   Total Energy  Conserved En.    Temperature
   -5.25342e+05    8.54675e+04   -4.39875e+05   -4.38519e+05    2.99002e+02
 Pres. DC (bar) Pressure (bar)   Constr. rmsd
   -2.25363e+02   -3.24201e+01    3.02132e-06

           Step           Time
          35000       70.00000

   Energies (kJ/mol)
           Bond          Angle    Proper Dih. Ryckaert-Bell.          LJ-14
    1.46399e+03    3.83255e+03    2.45649e+02    1.84203e+03    2.68686e+03
     Coulomb-14        LJ (SR)  Disper. corr.   Coulomb (SR)   Coul. recip.
    7.85538e+03    9.26725e+04   -4.53849e+03   -6.33298e+05    2.97491e+03
      Potential    Kinetic En.   Total Energy  Conserved En.    Temperature
   -5.24262e+05    8.57176e+04   -4.38545e+05   -4.38499e+05    2.99877e+02
 Pres. DC (bar) Pressure (bar)   Constr. rmsd
   -2.23423e+02   -2.75096e+02    3.26732e-06

Writing checkpoint, step 39500 at Tue Aug  8 10:45:34 2023


           Step           Time
          40000       80.00000

   Energies (kJ/mol)
           Bond          Angle    Proper Dih. Ryckaert-Bell.          LJ-14
    1.39789e+03    3.99538e+03    2.41057e+02    1.75751e+03    2.71958e+03
     Coulomb-14        LJ (SR)  Disper. corr.   Coulomb (SR)   Coul. recip.
    7.92616e+03    9.37605e+04   -4.55506e+03   -6.35624e+05    2.91745e+03
      Potential    Kinetic En.   Total Energy  Conserved En.    Temperature
   -5.25463e+05    8.60936e+04   -4.39369e+05   -4.38442e+05    3.01192e+02
 Pres. DC (bar) Pressure (bar)   Constr. rmsd
   -2.25055e+02    9.51603e+00    3.11594e-06

           Step           Time
          45000       90.00000

   Energies (kJ/mol)
           Bond          Angle    Proper Dih. Ryckaert-Bell.          LJ-14
    1.45588e+03    3.93536e+03    2.71267e+02    1.75941e+03    2.59803e+03
     Coulomb-14        LJ (SR)  Disper. corr.   Coulomb (SR)   Coul. recip.
    7.69923e+03    9.43685e+04   -4.57662e+03   -6.35866e+05    2.94292e+03
      Potential    Kinetic En.   Total Energy  Conserved En.    Temperature
   -5.25412e+05    8.62434e+04   -4.39168e+05   -4.38411e+05    3.01716e+02
 Pres. DC (bar) Pressure (bar)   Constr. rmsd
   -2.27188e+02    1.50536e+02    2.88511e-06

           Step           Time
          50000      100.00000

   Energies (kJ/mol)
           Bond          Angle    Proper Dih. Ryckaert-Bell.          LJ-14
    1.52033e+03    3.62100e+03    2.74442e+02    1.85883e+03    2.69025e+03
     Coulomb-14        LJ (SR)  Disper. corr.   Coulomb (SR)   Coul. recip.
    7.79913e+03    9.29131e+04   -4.55959e+03   -6.33778e+05    2.91480e+03
      Potential    Kinetic En.   Total Energy  Conserved En.    Temperature
   -5.24746e+05    8.51256e+04   -4.39620e+05   -4.38402e+05    2.97806e+02
 Pres. DC (bar) Pressure (bar)   Constr. rmsd
   -2.25503e+02   -1.10366e+02    2.80344e-06

Writing checkpoint, step 52300 at Tue Aug  8 11:00:36 2023


           Step           Time
          55000      110.00000

   Energies (kJ/mol)
           Bond          Angle    Proper Dih. Ryckaert-Bell.          LJ-14
    1.46544e+03    3.72642e+03    2.59660e+02    1.81182e+03    2.59559e+03
     Coulomb-14        LJ (SR)  Disper. corr.   Coulomb (SR)   Coul. recip.
    7.70255e+03    9.25259e+04   -4.56011e+03   -6.33755e+05    2.93389e+03
      Potential    Kinetic En.   Total Energy  Conserved En.    Temperature
   -5.25294e+05    8.55241e+04   -4.39770e+05   -4.38343e+05    2.99200e+02
 Pres. DC (bar) Pressure (bar)   Constr. rmsd
   -2.25554e+02   -3.03122e+02    3.18720e-06

           Step           Time
          60000      120.00000

   Energies (kJ/mol)
           Bond          Angle    Proper Dih. Ryckaert-Bell.          LJ-14
    1.44868e+03    3.74439e+03    2.45472e+02    1.78281e+03    2.74124e+03
     Coulomb-14        LJ (SR)  Disper. corr.   Coulomb (SR)   Coul. recip.
    7.90077e+03    9.38078e+04   -4.54951e+03   -6.34379e+05    2.89344e+03
      Potential    Kinetic En.   Total Energy  Conserved En.    Temperature
   -5.24364e+05    8.59333e+04   -4.38431e+05   -4.38296e+05    3.00631e+02
 Pres. DC (bar) Pressure (bar)   Constr. rmsd
   -2.24508e+02   -2.37487e+01    2.85183e-06

Writing checkpoint, step 64950 at Tue Aug  8 11:15:36 2023


           Step           Time
          65000      130.00000

   Energies (kJ/mol)
           Bond          Angle    Proper Dih. Ryckaert-Bell.          LJ-14
    1.38891e+03    3.68219e+03    2.16518e+02    1.82543e+03    2.70459e+03
     Coulomb-14        LJ (SR)  Disper. corr.   Coulomb (SR)   Coul. recip.
    7.76260e+03    9.38562e+04   -4.55624e+03   -6.34752e+05    2.91818e+03
      Potential    Kinetic En.   Total Energy  Conserved En.    Temperature
   -5.24954e+05    8.49220e+04   -4.40032e+05   -4.38268e+05    2.97093e+02
 Pres. DC (bar) Pressure (bar)   Constr. rmsd
   -2.25171e+02    9.45313e+01    2.80480e-06

           Step           Time
          70000      140.00000

   Energies (kJ/mol)
           Bond          Angle    Proper Dih. Ryckaert-Bell.          LJ-14
    1.38251e+03    3.74817e+03    2.49069e+02    1.80081e+03    2.70360e+03
     Coulomb-14        LJ (SR)  Disper. corr.   Coulomb (SR)   Coul. recip.
    7.87513e+03    9.63986e+04   -4.59206e+03   -6.38721e+05    2.83784e+03
      Potential    Kinetic En.   Total Energy  Conserved En.    Temperature
   -5.26317e+05    8.60678e+04   -4.40249e+05   -4.38222e+05    3.01102e+02
 Pres. DC (bar) Pressure (bar)   Constr. rmsd
   -2.28722e+02    5.41346e+02    2.65874e-06

           Step           Time
          75000      150.00000

   Energies (kJ/mol)
           Bond          Angle    Proper Dih. Ryckaert-Bell.          LJ-14
    1.45802e+03    3.76927e+03    2.49577e+02    1.81747e+03    2.78572e+03
     Coulomb-14        LJ (SR)  Disper. corr.   Coulomb (SR)   Coul. recip.
    7.87371e+03    9.46336e+04   -4.56075e+03   -6.35330e+05    3.02448e+03
      Potential    Kinetic En.   Total Energy  Conserved En.    Temperature
   -5.24279e+05    8.61388e+04   -4.38140e+05   -4.38178e+05    3.01350e+02
 Pres. DC (bar) Pressure (bar)   Constr. rmsd
   -2.25617e+02    4.11272e+02    2.82363e-06

Writing checkpoint, step 77650 at Tue Aug  8 11:30:36 2023


           Step           Time
          80000      160.00000

   Energies (kJ/mol)
           Bond          Angle    Proper Dih. Ryckaert-Bell.          LJ-14
    1.37746e+03    3.89343e+03    2.25075e+02    1.81428e+03    2.64081e+03
     Coulomb-14        LJ (SR)  Disper. corr.   Coulomb (SR)   Coul. recip.
    7.78604e+03    9.26537e+04   -4.56076e+03   -6.34628e+05    2.93043e+03
      Potential    Kinetic En.   Total Energy  Conserved En.    Temperature
   -5.25868e+05    8.41766e+04   -4.41691e+05   -4.38139e+05    2.94486e+02
 Pres. DC (bar) Pressure (bar)   Constr. rmsd
   -2.25618e+02   -2.41005e+02    2.72876e-06

           Step           Time
          85000      170.00000

   Energies (kJ/mol)
           Bond          Angle    Proper Dih. Ryckaert-Bell.          LJ-14
    1.42888e+03    3.79164e+03    2.49079e+02    1.85067e+03    2.68243e+03
     Coulomb-14        LJ (SR)  Disper. corr.   Coulomb (SR)   Coul. recip.
    7.81779e+03    9.41360e+04   -4.55791e+03   -6.35580e+05    2.92408e+03
      Potential    Kinetic En.   Total Energy  Conserved En.    Temperature
   -5.25257e+05    8.59330e+04   -4.39324e+05   -4.38103e+05    3.00630e+02
 Pres. DC (bar) Pressure (bar)   Constr. rmsd
   -2.25336e+02    7.27571e+01    2.90182e-06

           Step           Time
          90000      180.00000

   Energies (kJ/mol)
           Bond          Angle    Proper Dih. Ryckaert-Bell.          LJ-14
    1.40960e+03    3.54831e+03    2.41943e+02    1.76594e+03    2.71328e+03
     Coulomb-14        LJ (SR)  Disper. corr.   Coulomb (SR)   Coul. recip.
    7.76739e+03    9.42252e+04   -4.57197e+03   -6.35436e+05    2.92265e+03
      Potential    Kinetic En.   Total Energy  Conserved En.    Temperature
   -5.25414e+05    8.52491e+04   -4.40164e+05   -4.38050e+05    2.98238e+02
 Pres. DC (bar) Pressure (bar)   Constr. rmsd
   -2.26727e+02    1.86166e+02    2.63790e-06

Writing checkpoint, step 90300 at Tue Aug  8 11:45:36 2023


           Step           Time
          95000      190.00000

   Energies (kJ/mol)
           Bond          Angle    Proper Dih. Ryckaert-Bell.          LJ-14
    1.35370e+03    3.75707e+03    2.72568e+02    1.70581e+03    2.68317e+03
     Coulomb-14        LJ (SR)  Disper. corr.   Coulomb (SR)   Coul. recip.
    7.77290e+03    9.37360e+04   -4.54168e+03   -6.34354e+05    2.93191e+03
      Potential    Kinetic En.   Total Energy  Conserved En.    Temperature
   -5.24683e+05    8.50422e+04   -4.39640e+05   -4.38013e+05    2.97514e+02
 Pres. DC (bar) Pressure (bar)   Constr. rmsd
   -2.23737e+02    2.58292e+01    2.77824e-06

           Step           Time
         100000      200.00000

   Energies (kJ/mol)
           Bond          Angle    Proper Dih. Ryckaert-Bell.          LJ-14
    1.51319e+03    3.78548e+03    2.55086e+02    1.76913e+03    2.64500e+03
     Coulomb-14        LJ (SR)  Disper. corr.   Coulomb (SR)   Coul. recip.
    7.87143e+03    9.39915e+04   -4.56164e+03   -6.35475e+05    2.90298e+03
      Potential    Kinetic En.   Total Energy  Conserved En.    Temperature
   -5.25302e+05    8.61514e+04   -4.39151e+05   -4.37988e+05    3.01394e+02
 Pres. DC (bar) Pressure (bar)   Constr. rmsd
   -2.25705e+02   -3.04571e+01    3.26999e-06

Writing checkpoint, step 102900 at Tue Aug  8 12:00:34 2023


           Step           Time
         105000      210.00000

   Energies (kJ/mol)
           Bond          Angle    Proper Dih. Ryckaert-Bell.          LJ-14
    1.38521e+03    3.88922e+03    2.34517e+02    1.78489e+03    2.58747e+03
     Coulomb-14        LJ (SR)  Disper. corr.   Coulomb (SR)   Coul. recip.
    7.73276e+03    9.36742e+04   -4.56463e+03   -6.34290e+05    2.92484e+03
      Potential    Kinetic En.   Total Energy  Conserved En.    Temperature
   -5.24641e+05    8.52918e+04   -4.39350e+05   -4.37961e+05    2.98387e+02
 Pres. DC (bar) Pressure (bar)   Constr. rmsd
   -2.26001e+02    1.12914e+02    2.79279e-06

           Step           Time
         110000      220.00000

   Energies (kJ/mol)
           Bond          Angle    Proper Dih. Ryckaert-Bell.          LJ-14
    1.55524e+03    4.04054e+03    2.58435e+02    1.75964e+03    2.65182e+03
     Coulomb-14        LJ (SR)  Disper. corr.   Coulomb (SR)   Coul. recip.
    7.74562e+03    9.14436e+04   -4.55789e+03   -6.30426e+05    2.92432e+03
      Potential    Kinetic En.   Total Energy  Conserved En.    Temperature
   -5.22604e+05    8.65735e+04   -4.36031e+05   -4.37911e+05    3.02871e+02
 Pres. DC (bar) Pressure (bar)   Constr. rmsd
   -2.25334e+02   -2.55584e+02    3.31776e-06

           Step           Time
         115000      230.00000

   Energies (kJ/mol)
           Bond          Angle    Proper Dih. Ryckaert-Bell.          LJ-14
    1.53364e+03    3.75057e+03    2.49039e+02    1.86430e+03    2.58803e+03
     Coulomb-14        LJ (SR)  Disper. corr.   Coulomb (SR)   Coul. recip.
    7.81622e+03    9.33094e+04   -4.55318e+03   -6.34260e+05    2.92219e+03
      Potential    Kinetic En.   Total Energy  Conserved En.    Temperature
   -5.24780e+05    8.57464e+04   -4.39034e+05   -4.37883e+05    2.99977e+02
 Pres. DC (bar) Pressure (bar)   Constr. rmsd
   -2.24870e+02   -1.32128e+02    2.88875e-06

Writing checkpoint, step 115500 at Tue Aug  8 12:15:34 2023


           Step           Time
         120000      240.00000

   Energies (kJ/mol)
           Bond          Angle    Proper Dih. Ryckaert-Bell.          LJ-14
    1.53401e+03    3.94058e+03    2.28055e+02    1.63646e+03    2.67133e+03
     Coulomb-14        LJ (SR)  Disper. corr.   Coulomb (SR)   Coul. recip.
    7.87953e+03    9.26461e+04   -4.54617e+03   -6.33340e+05    2.96888e+03
      Potential    Kinetic En.   Total Energy  Conserved En.    Temperature
   -5.24381e+05    8.65214e+04   -4.37860e+05   -4.37832e+05    3.02689e+02
 Pres. DC (bar) Pressure (bar)   Constr. rmsd
   -2.24179e+02   -1.83000e+02    2.97245e-06

           Step           Time
         125000      250.00000

   Energies (kJ/mol)
           Bond          Angle    Proper Dih. Ryckaert-Bell.          LJ-14
    1.43089e+03    3.82378e+03    2.36939e+02    1.76958e+03    2.68588e+03
     Coulomb-14        LJ (SR)  Disper. corr.   Coulomb (SR)   Coul. recip.
    7.81847e+03    9.32431e+04   -4.55307e+03   -6.34043e+05    2.96460e+03
      Potential    Kinetic En.   Total Energy  Conserved En.    Temperature
   -5.24623e+05    8.61564e+04   -4.38467e+05   -4.37780e+05    3.01412e+02
 Pres. DC (bar) Pressure (bar)   Constr. rmsd
   -2.24859e+02   -7.59569e+01    3.23758e-06

Writing checkpoint, step 128000 at Tue Aug  8 12:30:36 2023


           Step           Time
         130000      260.00000

   Energies (kJ/mol)
           Bond          Angle    Proper Dih. Ryckaert-Bell.          LJ-14
    1.38681e+03    3.74582e+03    2.61117e+02    1.83610e+03    2.78482e+03
     Coulomb-14        LJ (SR)  Disper. corr.   Coulomb (SR)   Coul. recip.
    7.93616e+03    9.37381e+04   -4.55146e+03   -6.34324e+05    2.90945e+03
      Potential    Kinetic En.   Total Energy  Conserved En.    Temperature
   -5.24277e+05    8.56235e+04   -4.38653e+05   -4.37727e+05    2.99548e+02
 Pres. DC (bar) Pressure (bar)   Constr. rmsd
   -2.24700e+02    6.69959e+01    2.97558e-06

           Step           Time
         135000      270.00000

   Energies (kJ/mol)
           Bond          Angle    Proper Dih. Ryckaert-Bell.          LJ-14
    1.46592e+03    3.92017e+03    2.38373e+02    1.92416e+03    2.65575e+03
     Coulomb-14        LJ (SR)  Disper. corr.   Coulomb (SR)   Coul. recip.
    7.91939e+03    9.29728e+04   -4.55529e+03   -6.33820e+05    2.92911e+03
      Potential    Kinetic En.   Total Energy  Conserved En.    Temperature
   -5.24350e+05    8.55370e+04   -4.38813e+05   -4.37689e+05    2.99245e+02
 Pres. DC (bar) Pressure (bar)   Constr. rmsd
   -2.25078e+02   -1.22885e+02    2.95103e-06

           Step           Time
         140000      280.00000

   Energies (kJ/mol)
           Bond          Angle    Proper Dih. Ryckaert-Bell.          LJ-14
    1.41010e+03    3.67223e+03    2.57847e+02    1.76131e+03    2.70681e+03
     Coulomb-14        LJ (SR)  Disper. corr.   Coulomb (SR)   Coul. recip.
    7.92001e+03    9.36655e+04   -4.56735e+03   -6.35091e+05    2.91543e+03
      Potential    Kinetic En.   Total Energy  Conserved En.    Temperature
   -5.25349e+05    8.54326e+04   -4.39916e+05   -4.37647e+05    2.98879e+02
 Pres. DC (bar) Pressure (bar)   Constr. rmsd
   -2.26270e+02    6.66088e+01    2.68053e-06

Writing checkpoint, step 140550 at Tue Aug  8 12:45:38 2023


           Step           Time
         145000      290.00000

   Energies (kJ/mol)
           Bond          Angle    Proper Dih. Ryckaert-Bell.          LJ-14
    1.42710e+03    3.85374e+03    2.53216e+02    1.88267e+03    2.67784e+03
     Coulomb-14        LJ (SR)  Disper. corr.   Coulomb (SR)   Coul. recip.
    7.87759e+03    9.27309e+04   -4.55334e+03   -6.33629e+05    2.94846e+03
      Potential    Kinetic En.   Total Energy  Conserved En.    Temperature
   -5.24531e+05    8.60790e+04   -4.38452e+05   -4.37615e+05    3.01141e+02
 Pres. DC (bar) Pressure (bar)   Constr. rmsd
   -2.24885e+02   -1.81745e+02    2.76351e-06

           Step           Time
         150000      300.00000

   Energies (kJ/mol)
           Bond          Angle    Proper Dih. Ryckaert-Bell.          LJ-14
    1.49778e+03    3.63974e+03    2.48438e+02    1.84237e+03    2.67270e+03
     Coulomb-14        LJ (SR)  Disper. corr.   Coulomb (SR)   Coul. recip.
    7.83926e+03    9.47096e+04   -4.56286e+03   -6.36130e+05    2.95590e+03
      Potential    Kinetic En.   Total Energy  Conserved En.    Temperature
   -5.25287e+05    8.59238e+04   -4.39363e+05   -4.37586e+05    3.00598e+02
 Pres. DC (bar) Pressure (bar)   Constr. rmsd
   -2.25826e+02    2.34487e+02    3.06102e-06

Writing checkpoint, step 153050 at Tue Aug  8 13:00:33 2023


           Step           Time
         155000      310.00000

   Energies (kJ/mol)
           Bond          Angle    Proper Dih. Ryckaert-Bell.          LJ-14
    1.49124e+03    3.75723e+03    2.36091e+02    1.92272e+03    2.70980e+03
     Coulomb-14        LJ (SR)  Disper. corr.   Coulomb (SR)   Coul. recip.
    7.94737e+03    9.41292e+04   -4.56562e+03   -6.35643e+05    2.97455e+03
      Potential    Kinetic En.   Total Energy  Conserved En.    Temperature
   -5.25040e+05    8.51596e+04   -4.39881e+05   -4.37512e+05    2.97925e+02
 Pres. DC (bar) Pressure (bar)   Constr. rmsd
   -2.26099e+02    4.44559e+00    2.59385e-06

           Step           Time
         160000      320.00000

   Energies (kJ/mol)
           Bond          Angle    Proper Dih. Ryckaert-Bell.          LJ-14
    1.33380e+03    3.89063e+03    2.74280e+02    1.82158e+03    2.63542e+03
     Coulomb-14        LJ (SR)  Disper. corr.   Coulomb (SR)   Coul. recip.
    7.89566e+03    9.38057e+04   -4.54553e+03   -6.34092e+05    2.88611e+03
      Potential    Kinetic En.   Total Energy  Conserved En.    Temperature
   -5.24095e+05    8.57276e+04   -4.38367e+05   -4.37484e+05    2.99912e+02
 Pres. DC (bar) Pressure (bar)   Constr. rmsd
   -2.24116e+02    3.68768e+00    2.96532e-06

           Step           Time
         165000      330.00000

   Energies (kJ/mol)
           Bond          Angle    Proper Dih. Ryckaert-Bell.          LJ-14
    1.35943e+03    3.67557e+03    2.81423e+02    1.74669e+03    2.76242e+03
     Coulomb-14        LJ (SR)  Disper. corr.   Coulomb (SR)   Coul. recip.
    7.94574e+03    9.37929e+04   -4.53725e+03   -6.35462e+05    2.99461e+03
      Potential    Kinetic En.   Total Energy  Conserved En.    Temperature
   -5.25440e+05    8.55964e+04   -4.39844e+05   -4.37457e+05    2.99452e+02
 Pres. DC (bar) Pressure (bar)   Constr. rmsd
   -2.23301e+02   -5.30019e+01    2.79910e-06

Writing checkpoint, step 165500 at Tue Aug  8 13:15:36 2023


           Step           Time
         170000      340.00000

   Energies (kJ/mol)
           Bond          Angle    Proper Dih. Ryckaert-Bell.          LJ-14
    1.51091e+03    3.77547e+03    2.48020e+02    1.85134e+03    2.70408e+03
     Coulomb-14        LJ (SR)  Disper. corr.   Coulomb (SR)   Coul. recip.
    7.88690e+03    9.36641e+04   -4.54007e+03   -6.33969e+05    2.87291e+03
      Potential    Kinetic En.   Total Energy  Conserved En.    Temperature
   -5.23995e+05    8.49462e+04   -4.39049e+05   -4.37386e+05    2.97178e+02
 Pres. DC (bar) Pressure (bar)   Constr. rmsd
   -2.23578e+02    2.80539e+00    2.63903e-06

           Step           Time
         175000      350.00000

   Energies (kJ/mol)
           Bond          Angle    Proper Dih. Ryckaert-Bell.          LJ-14
    1.52299e+03    3.68338e+03    2.07478e+02    1.69788e+03    2.68723e+03
     Coulomb-14        LJ (SR)  Disper. corr.   Coulomb (SR)   Coul. recip.
    7.78905e+03    9.39999e+04   -4.57451e+03   -6.34105e+05    2.92379e+03
      Potential    Kinetic En.   Total Energy  Conserved En.    Temperature
   -5.24168e+05    8.59096e+04   -4.38258e+05   -4.37368e+05    3.00548e+02
 Pres. DC (bar) Pressure (bar)   Constr. rmsd
   -2.26979e+02    2.37773e+02    3.15149e-06

Writing checkpoint, step 177650 at Tue Aug  8 13:30:35 2023


           Step           Time
         180000      360.00000

   Energies (kJ/mol)
           Bond          Angle    Proper Dih. Ryckaert-Bell.          LJ-14
    1.45138e+03    3.83524e+03    2.60338e+02    1.83661e+03    2.64244e+03
     Coulomb-14        LJ (SR)  Disper. corr.   Coulomb (SR)   Coul. recip.
    7.84201e+03    9.39254e+04   -4.55581e+03   -6.34711e+05    2.86671e+03
      Potential    Kinetic En.   Total Energy  Conserved En.    Temperature
   -5.24606e+05    8.55989e+04   -4.39008e+05   -4.37313e+05    2.99461e+02
 Pres. DC (bar) Pressure (bar)   Constr. rmsd
   -2.25129e+02    2.15234e+01    2.95052e-06

           Step           Time
         185000      370.00000

   Energies (kJ/mol)
           Bond          Angle    Proper Dih. Ryckaert-Bell.          LJ-14
    1.44918e+03    3.87840e+03    2.87985e+02    1.88083e+03    2.61569e+03
     Coulomb-14        LJ (SR)  Disper. corr.   Coulomb (SR)   Coul. recip.
    7.88987e+03    9.44207e+04   -4.56660e+03   -6.36045e+05    2.86766e+03
      Potential    Kinetic En.   Total Energy  Conserved En.    Temperature
   -5.25321e+05    8.64202e+04   -4.38901e+05   -4.37278e+05    3.02335e+02
 Pres. DC (bar) Pressure (bar)   Constr. rmsd
   -2.26196e+02    1.67211e+02    2.92797e-06

Writing checkpoint, step 189850 at Tue Aug  8 13:45:37 2023


           Step           Time
         190000      380.00000

   Energies (kJ/mol)
           Bond          Angle    Proper Dih. Ryckaert-Bell.          LJ-14
    1.58260e+03    3.64720e+03    2.31603e+02    1.81439e+03    2.66940e+03
     Coulomb-14        LJ (SR)  Disper. corr.   Coulomb (SR)   Coul. recip.
    7.80730e+03    9.41764e+04   -4.55851e+03   -6.36132e+05    2.92114e+03
      Potential    Kinetic En.   Total Energy  Conserved En.    Temperature
   -5.25840e+05    8.48581e+04   -4.40982e+05   -4.37211e+05    2.96870e+02
 Pres. DC (bar) Pressure (bar)   Constr. rmsd
   -2.25396e+02   -2.27476e+01    3.16347e-06

           Step           Time
         195000      390.00000

   Energies (kJ/mol)
           Bond          Angle    Proper Dih. Ryckaert-Bell.          LJ-14
    1.46338e+03    3.73695e+03    2.72002e+02    1.77482e+03    2.75577e+03
     Coulomb-14        LJ (SR)  Disper. corr.   Coulomb (SR)   Coul. recip.
    7.86001e+03    9.45607e+04   -4.56909e+03   -6.35715e+05    2.88276e+03
      Potential    Kinetic En.   Total Energy  Conserved En.    Temperature
   -5.24978e+05    8.61871e+04   -4.38791e+05   -4.37191e+05    3.01519e+02
 Pres. DC (bar) Pressure (bar)   Constr. rmsd
   -2.26442e+02    2.81677e+02    2.78012e-06

           Step           Time
         200000      400.00000

   Energies (kJ/mol)
           Bond          Angle    Proper Dih. Ryckaert-Bell.          LJ-14
    1.50919e+03    3.79324e+03    2.58624e+02    1.86080e+03    2.59588e+03
     Coulomb-14        LJ (SR)  Disper. corr.   Coulomb (SR)   Coul. recip.
    7.76640e+03    9.25583e+04   -4.56307e+03   -6.33004e+05    2.99267e+03
      Potential    Kinetic En.   Total Energy  Conserved En.    Temperature
   -5.24232e+05    8.60240e+04   -4.38208e+05   -4.37161e+05    3.00949e+02
 Pres. DC (bar) Pressure (bar)   Constr. rmsd
   -2.25847e+02   -2.00143e+02    2.80295e-06

Writing checkpoint, step 202250 at Tue Aug  8 14:00:35 2023


           Step           Time
         205000      410.00000

   Energies (kJ/mol)
           Bond          Angle    Proper Dih. Ryckaert-Bell.          LJ-14
    1.50978e+03    3.72580e+03    2.29800e+02    1.83609e+03    2.59994e+03
     Coulomb-14        LJ (SR)  Disper. corr.   Coulomb (SR)   Coul. recip.
    7.72807e+03    9.32807e+04   -4.55680e+03   -6.35067e+05    2.91393e+03
      Potential    Kinetic En.   Total Energy  Conserved En.    Temperature
   -5.25800e+05    8.51334e+04   -4.40666e+05   -4.37074e+05    2.97833e+02
 Pres. DC (bar) Pressure (bar)   Constr. rmsd
   -2.25227e+02   -1.53682e+02    3.04596e-06

           Step           Time
         210000      420.00000

   Energies (kJ/mol)
           Bond          Angle    Proper Dih. Ryckaert-Bell.          LJ-14
    1.45307e+03    3.64445e+03    2.57317e+02    1.92064e+03    2.61763e+03
     Coulomb-14        LJ (SR)  Disper. corr.   Coulomb (SR)   Coul. recip.
    7.80297e+03    9.47029e+04   -4.55310e+03   -6.37644e+05    2.83349e+03
      Potential    Kinetic En.   Total Energy  Conserved En.    Temperature
   -5.26964e+05    8.55014e+04   -4.41463e+05   -4.37072e+05    2.99120e+02
 Pres. DC (bar) Pressure (bar)   Constr. rmsd
   -2.24862e+02   -9.56455e+01    2.87603e-06

Writing checkpoint, step 214900 at Tue Aug  8 14:15:37 2023


           Step           Time
         215000      430.00000

   Energies (kJ/mol)
           Bond          Angle    Proper Dih. Ryckaert-Bell.          LJ-14
    1.50468e+03    3.80657e+03    2.52020e+02    1.83200e+03    2.64275e+03
     Coulomb-14        LJ (SR)  Disper. corr.   Coulomb (SR)   Coul. recip.
    7.78234e+03    9.29424e+04   -4.55706e+03   -6.33310e+05    2.91164e+03
      Potential    Kinetic En.   Total Energy  Conserved En.    Temperature
   -5.24193e+05    8.56226e+04   -4.38570e+05   -4.37021e+05    2.99544e+02
 Pres. DC (bar) Pressure (bar)   Constr. rmsd
   -2.25253e+02   -5.37326e+01    2.68648e-06

           Step           Time
         220000      440.00000

   Energies (kJ/mol)
           Bond          Angle    Proper Dih. Ryckaert-Bell.          LJ-14
    1.45884e+03    3.78818e+03    2.58793e+02    1.76830e+03    2.71320e+03
     Coulomb-14        LJ (SR)  Disper. corr.   Coulomb (SR)   Coul. recip.
    7.85013e+03    9.35142e+04   -4.54945e+03   -6.34942e+05    2.86096e+03
      Potential    Kinetic En.   Total Energy  Conserved En.    Temperature
   -5.25278e+05    8.64084e+04   -4.38870e+05   -4.36991e+05    3.02293e+02
 Pres. DC (bar) Pressure (bar)   Constr. rmsd
   -2.24502e+02    7.47239e+01    2.86508e-06

           Step           Time
         225000      450.00000

   Energies (kJ/mol)
           Bond          Angle    Proper Dih. Ryckaert-Bell.          LJ-14
    1.41209e+03    3.84484e+03    2.75382e+02    1.76104e+03    2.64022e+03
     Coulomb-14        LJ (SR)  Disper. corr.   Coulomb (SR)   Coul. recip.
    7.78193e+03    9.47864e+04   -4.54865e+03   -6.36025e+05    2.93882e+03
      Potential    Kinetic En.   Total Energy  Conserved En.    Temperature
   -5.25133e+05    8.53805e+04   -4.39753e+05   -4.36948e+05    2.98697e+02
 Pres. DC (bar) Pressure (bar)   Constr. rmsd
   -2.24423e+02    9.13275e+01    2.68813e-06

Writing checkpoint, step 228250 at Tue Aug  8 14:30:34 2023


           Step           Time
         230000      460.00000

   Energies (kJ/mol)
           Bond          Angle    Proper Dih. Ryckaert-Bell.          LJ-14
    1.37852e+03    3.93978e+03    2.22498e+02    1.67211e+03    2.61943e+03
     Coulomb-14        LJ (SR)  Disper. corr.   Coulomb (SR)   Coul. recip.
    7.81523e+03    9.15591e+04   -4.56408e+03   -6.32360e+05    2.94093e+03
      Potential    Kinetic En.   Total Energy  Conserved En.    Temperature
   -5.24777e+05    8.45778e+04   -4.40199e+05   -4.36914e+05    2.95889e+02
 Pres. DC (bar) Pressure (bar)   Constr. rmsd
   -2.25946e+02   -2.48879e+02    2.82887e-06

           Step           Time
         235000      470.00000

   Energies (kJ/mol)
           Bond          Angle    Proper Dih. Ryckaert-Bell.          LJ-14
    1.45116e+03    3.68133e+03    2.24735e+02    1.81749e+03    2.71458e+03
     Coulomb-14        LJ (SR)  Disper. corr.   Coulomb (SR)   Coul. recip.
    7.76117e+03    9.36900e+04   -4.53974e+03   -6.35037e+05    2.91360e+03
      Potential    Kinetic En.   Total Energy  Conserved En.    Temperature
   -5.25323e+05    8.49061e+04   -4.40417e+05   -4.36872e+05    2.97038e+02
 Pres. DC (bar) Pressure (bar)   Constr. rmsd
   -2.23546e+02   -2.08113e+02    2.80734e-06

           Step           Time
         240000      480.00000

   Energies (kJ/mol)
           Bond          Angle    Proper Dih. Ryckaert-Bell.          LJ-14
    1.42040e+03    3.77687e+03    2.40678e+02    1.80704e+03    2.59968e+03
     Coulomb-14        LJ (SR)  Disper. corr.   Coulomb (SR)   Coul. recip.
    7.74370e+03    9.48038e+04   -4.57894e+03   -6.37151e+05    2.90052e+03
      Potential    Kinetic En.   Total Energy  Conserved En.    Temperature
   -5.26438e+05    8.63507e+04   -4.40087e+05   -4.36842e+05    3.02091e+02
 Pres. DC (bar) Pressure (bar)   Constr. rmsd
   -2.27419e+02    9.73967e+01    2.90460e-06

Writing checkpoint, step 241600 at Tue Aug  8 14:45:34 2023


           Step           Time
         245000      490.00000

   Energies (kJ/mol)
           Bond          Angle    Proper Dih. Ryckaert-Bell.          LJ-14
    1.40218e+03    3.72664e+03    2.53648e+02    1.76334e+03    2.67429e+03
     Coulomb-14        LJ (SR)  Disper. corr.   Coulomb (SR)   Coul. recip.
    7.81192e+03    9.50182e+04   -4.55898e+03   -6.36709e+05    2.94903e+03
      Potential    Kinetic En.   Total Energy  Conserved En.    Temperature
   -5.25669e+05    8.54672e+04   -4.40202e+05   -4.36795e+05    2.99001e+02
 Pres. DC (bar) Pressure (bar)   Constr. rmsd
   -2.25442e+02    2.01400e+02    3.19152e-06

           Step           Time
         250000      500.00000

   Energies (kJ/mol)
           Bond          Angle    Proper Dih. Ryckaert-Bell.          LJ-14
    1.48771e+03    4.01005e+03    3.00142e+02    1.78376e+03    2.62831e+03
     Coulomb-14        LJ (SR)  Disper. corr.   Coulomb (SR)   Coul. recip.
    7.82255e+03    9.41259e+04   -4.55852e+03   -6.34350e+05    2.89986e+03
      Potential    Kinetic En.   Total Energy  Conserved En.    Temperature
   -5.23850e+05    8.58016e+04   -4.38048e+05   -4.36750e+05    3.00170e+02
 Pres. DC (bar) Pressure (bar)   Constr. rmsd
   -2.25397e+02    1.05203e+02    3.29665e-06

Writing checkpoint, step 250600 at Tue Aug  8 15:00:36 2023


           Step           Time
         255000      510.00000

   Energies (kJ/mol)
           Bond          Angle    Proper Dih. Ryckaert-Bell.          LJ-14
    1.45486e+03    3.63740e+03    2.50699e+02    1.88620e+03    2.66204e+03
     Coulomb-14        LJ (SR)  Disper. corr.   Coulomb (SR)   Coul. recip.
    7.86603e+03    9.36556e+04   -4.54736e+03   -6.35112e+05    2.90990e+03
      Potential    Kinetic En.   Total Energy  Conserved En.    Temperature
   -5.25337e+05    8.57453e+04   -4.39592e+05   -4.36729e+05    2.99973e+02
 Pres. DC (bar) Pressure (bar)   Constr. rmsd
   -2.24296e+02   -2.12880e+01    2.80550e-06

Writing checkpoint, step 257050 at Tue Aug  8 15:15:37 2023


           Step           Time
         260000      520.00000

   Energies (kJ/mol)
           Bond          Angle    Proper Dih. Ryckaert-Bell.          LJ-14
    1.56307e+03    3.85928e+03    2.56057e+02    1.76810e+03    2.67597e+03
     Coulomb-14        LJ (SR)  Disper. corr.   Coulomb (SR)   Coul. recip.
    7.84578e+03    9.16553e+04   -4.52682e+03   -6.31969e+05    2.89144e+03
      Potential    Kinetic En.   Total Energy  Conserved En.    Temperature
   -5.23981e+05    8.60246e+04   -4.37956e+05   -4.36660e+05    3.00951e+02
 Pres. DC (bar) Pressure (bar)   Constr. rmsd
   -2.22276e+02   -3.42476e+02    3.11858e-06

           Step           Time
         265000      530.00000

   Energies (kJ/mol)
           Bond          Angle    Proper Dih. Ryckaert-Bell.          LJ-14
    1.50580e+03    3.63330e+03    2.62392e+02    1.78426e+03    2.67597e+03
     Coulomb-14        LJ (SR)  Disper. corr.   Coulomb (SR)   Coul. recip.
    7.91037e+03    9.22520e+04   -4.54845e+03   -6.33119e+05    2.92820e+03
      Potential    Kinetic En.   Total Energy  Conserved En.    Temperature
   -5.24715e+05    8.54136e+04   -4.39302e+05   -4.36619e+05    2.98813e+02
 Pres. DC (bar) Pressure (bar)   Constr. rmsd
   -2.24404e+02   -2.48617e+02    2.88094e-06

Writing checkpoint, step 266100 at Tue Aug  8 15:30:37 2023


           Step           Time
         270000      540.00000

   Energies (kJ/mol)
           Bond          Angle    Proper Dih. Ryckaert-Bell.          LJ-14
    1.50738e+03    3.72999e+03    2.91448e+02    1.83936e+03    2.70551e+03
     Coulomb-14        LJ (SR)  Disper. corr.   Coulomb (SR)   Coul. recip.
    7.81602e+03    9.35619e+04   -4.55927e+03   -6.34544e+05    2.84951e+03
      Potential    Kinetic En.   Total Energy  Conserved En.    Temperature
   -5.24802e+05    8.69851e+04   -4.37817e+05   -4.36595e+05    3.04311e+02
 Pres. DC (bar) Pressure (bar)   Constr. rmsd
   -2.25470e+02   -3.54769e+01    3.34230e-06

           Step           Time
         275000      550.00000

   Energies (kJ/mol)
           Bond          Angle    Proper Dih. Ryckaert-Bell.          LJ-14
    1.46012e+03    3.67148e+03    2.59223e+02    1.83736e+03    2.65643e+03
     Coulomb-14        LJ (SR)  Disper. corr.   Coulomb (SR)   Coul. recip.
    7.72853e+03    9.34852e+04   -4.54947e+03   -6.35012e+05    2.92483e+03
      Potential    Kinetic En.   Total Energy  Conserved En.    Temperature
   -5.25539e+05    8.45065e+04   -4.41032e+05   -4.36526e+05    2.95640e+02
 Pres. DC (bar) Pressure (bar)   Constr. rmsd
   -2.24503e+02   -2.70419e+01    3.36006e-06

Writing checkpoint, step 275600 at Tue Aug  8 15:45:34 2023


           Step           Time
         280000      560.00000

   Energies (kJ/mol)
           Bond          Angle    Proper Dih. Ryckaert-Bell.          LJ-14
    1.52854e+03    3.76983e+03    2.28209e+02    1.77728e+03    2.61115e+03
     Coulomb-14        LJ (SR)  Disper. corr.   Coulomb (SR)   Coul. recip.
    7.76282e+03    9.28901e+04   -4.57274e+03   -6.34789e+05    2.85498e+03
      Potential    Kinetic En.   Total Energy  Conserved En.    Temperature
   -5.25938e+05    8.57524e+04   -4.40186e+05   -4.36508e+05    2.99998e+02
 Pres. DC (bar) Pressure (bar)   Constr. rmsd
   -2.26804e+02   -1.55125e+02    2.64572e-06

           Step           Time
         285000      570.00000

   Energies (kJ/mol)
           Bond          Angle    Proper Dih. Ryckaert-Bell.          LJ-14
    1.43875e+03    3.82297e+03    2.59933e+02    1.71658e+03    2.67880e+03
     Coulomb-14        LJ (SR)  Disper. corr.   Coulomb (SR)   Coul. recip.
    7.67462e+03    9.23526e+04   -4.55058e+03   -6.32532e+05    2.94488e+03
      Potential    Kinetic En.   Total Energy  Conserved En.    Temperature
   -5.24194e+05    8.61935e+04   -4.38000e+05   -4.36478e+05    3.01541e+02
 Pres. DC (bar) Pressure (bar)   Constr. rmsd
   -2.24613e+02   -1.07077e+02    3.19540e-06

Writing checkpoint, step 288000 at Tue Aug  8 16:00:35 2023


           Step           Time
         290000      580.00000

   Energies (kJ/mol)
           Bond          Angle    Proper Dih. Ryckaert-Bell.          LJ-14
    1.36944e+03    3.92362e+03    2.59013e+02    1.75294e+03    2.65900e+03
     Coulomb-14        LJ (SR)  Disper. corr.   Coulomb (SR)   Coul. recip.
    7.85865e+03    9.31862e+04   -4.57186e+03   -6.33170e+05    2.94243e+03
      Potential    Kinetic En.   Total Energy  Conserved En.    Temperature
   -5.23791e+05    8.45860e+04   -4.39205e+05   -4.36401e+05    2.95918e+02
 Pres. DC (bar) Pressure (bar)   Constr. rmsd
   -2.26716e+02    4.61768e+01    3.14633e-06

           Step           Time
         295000      590.00000

   Energies (kJ/mol)
           Bond          Angle    Proper Dih. Ryckaert-Bell.          LJ-14
    1.42283e+03    4.00291e+03    2.39741e+02    1.84354e+03    2.56999e+03
     Coulomb-14        LJ (SR)  Disper. corr.   Coulomb (SR)   Coul. recip.
    7.82163e+03    9.31283e+04   -4.56255e+03   -6.34327e+05    2.91873e+03
      Potential    Kinetic En.   Total Energy  Conserved En.    Temperature
   -5.24942e+05    8.60079e+04   -4.38934e+05   -4.36367e+05    3.00892e+02
 Pres. DC (bar) Pressure (bar)   Constr. rmsd
   -2.25795e+02    7.34077e+00    2.78701e-06

Writing checkpoint, step 299600 at Tue Aug  8 16:15:36 2023


           Step           Time
         300000      600.00000

   Energies (kJ/mol)
           Bond          Angle    Proper Dih. Ryckaert-Bell.          LJ-14
    1.52950e+03    3.72311e+03    2.38543e+02    1.74561e+03    2.59959e+03
     Coulomb-14        LJ (SR)  Disper. corr.   Coulomb (SR)   Coul. recip.
    7.76302e+03    9.41374e+04   -4.56820e+03   -6.35649e+05    2.93702e+03
      Potential    Kinetic En.   Total Energy  Conserved En.    Temperature
   -5.25544e+05    8.54947e+04   -4.40049e+05   -4.36316e+05    2.99097e+02
 Pres. DC (bar) Pressure (bar)   Constr. rmsd
   -2.26354e+02   -2.57506e+01    3.00915e-06

           Step           Time
         305000      610.00000

   Energies (kJ/mol)
           Bond          Angle    Proper Dih. Ryckaert-Bell.          LJ-14
    1.44486e+03    3.62642e+03    2.14808e+02    1.72725e+03    2.69020e+03
     Coulomb-14        LJ (SR)  Disper. corr.   Coulomb (SR)   Coul. recip.
    7.84513e+03    9.32733e+04   -4.54042e+03   -6.34021e+05    2.91172e+03
      Potential    Kinetic En.   Total Energy  Conserved En.    Temperature
   -5.24828e+05    8.51996e+04   -4.39628e+05   -4.36281e+05    2.98065e+02
 Pres. DC (bar) Pressure (bar)   Constr. rmsd
   -2.23612e+02   -1.57469e+02    2.71821e-06

           Step           Time
         310000      620.00000

   Energies (kJ/mol)
           Bond          Angle    Proper Dih. Ryckaert-Bell.          LJ-14
    1.37297e+03    3.76616e+03    2.65751e+02    1.84986e+03    2.59598e+03
     Coulomb-14        LJ (SR)  Disper. corr.   Coulomb (SR)   Coul. recip.
    7.68807e+03    9.36657e+04   -4.57233e+03   -6.33154e+05    3.02102e+03
      Potential    Kinetic En.   Total Energy  Conserved En.    Temperature
   -5.23501e+05    8.56356e+04   -4.37865e+05   -4.36240e+05    2.99590e+02
 Pres. DC (bar) Pressure (bar)   Constr. rmsd
   -2.26763e+02    1.16743e+02    3.04954e-06

Writing checkpoint, step 310700 at Tue Aug  8 16:30:35 2023


           Step           Time
         315000      630.00000

   Energies (kJ/mol)
           Bond          Angle    Proper Dih. Ryckaert-Bell.          LJ-14
    1.52789e+03    3.60985e+03    2.28553e+02    1.73570e+03    2.71456e+03
     Coulomb-14        LJ (SR)  Disper. corr.   Coulomb (SR)   Coul. recip.
    7.81811e+03    9.31664e+04   -4.55211e+03   -6.34577e+05    2.92484e+03
      Potential    Kinetic En.   Total Energy  Conserved En.    Temperature
   -5.25403e+05    8.50966e+04   -4.40306e+05   -4.36180e+05    2.97704e+02
 Pres. DC (bar) Pressure (bar)   Constr. rmsd
   -2.24764e+02   -1.95345e+01    2.71043e-06

           Step           Time
         320000      640.00000

   Energies (kJ/mol)
           Bond          Angle    Proper Dih. Ryckaert-Bell.          LJ-14
    1.50168e+03    3.60617e+03    2.61659e+02    1.81833e+03    2.67909e+03
     Coulomb-14        LJ (SR)  Disper. corr.   Coulomb (SR)   Coul. recip.
    7.84402e+03    9.37158e+04   -4.56163e+03   -6.35662e+05    2.96417e+03
      Potential    Kinetic En.   Total Energy  Conserved En.    Temperature
   -5.25833e+05    8.58988e+04   -4.39934e+05   -4.36157e+05    3.00510e+02
 Pres. DC (bar) Pressure (bar)   Constr. rmsd
   -2.25704e+02   -7.58444e+01    2.60494e-06

Writing checkpoint, step 321500 at Tue Aug  8 16:45:34 2023


           Step           Time
         325000      650.00000

   Energies (kJ/mol)
           Bond          Angle    Proper Dih. Ryckaert-Bell.          LJ-14
    1.38943e+03    3.66765e+03    2.31563e+02    1.78273e+03    2.67640e+03
     Coulomb-14        LJ (SR)  Disper. corr.   Coulomb (SR)   Coul. recip.
    7.79978e+03    9.45755e+04   -4.55431e+03   -6.36565e+05    2.91903e+03
      Potential    Kinetic En.   Total Energy  Conserved En.    Temperature
   -5.26077e+05    8.55765e+04   -4.40500e+05   -4.36117e+05    2.99383e+02
 Pres. DC (bar) Pressure (bar)   Constr. rmsd
   -2.24982e+02   -9.27792e+00    3.07198e-06

           Step           Time
         330000      660.00000

   Energies (kJ/mol)
           Bond          Angle    Proper Dih. Ryckaert-Bell.          LJ-14
    1.52617e+03    3.93875e+03    2.04344e+02    1.74421e+03    2.60996e+03
     Coulomb-14        LJ (SR)  Disper. corr.   Coulomb (SR)   Coul. recip.
    7.84398e+03    9.37035e+04   -4.56961e+03   -6.35050e+05    2.97388e+03
      Potential    Kinetic En.   Total Energy  Conserved En.    Temperature
   -5.25075e+05    8.58874e+04   -4.39187e+05   -4.36065e+05    3.00471e+02
 Pres. DC (bar) Pressure (bar)   Constr. rmsd
   -2.26494e+02    1.44517e+01    2.80649e-06

Writing checkpoint, step 332350 at Tue Aug  8 17:00:38 2023


           Step           Time
         335000      670.00000

   Energies (kJ/mol)
           Bond          Angle    Proper Dih. Ryckaert-Bell.          LJ-14
    1.47793e+03    3.79364e+03    2.58111e+02    1.66308e+03    2.67918e+03
     Coulomb-14        LJ (SR)  Disper. corr.   Coulomb (SR)   Coul. recip.
    7.83800e+03    9.23057e+04   -4.54382e+03   -6.32771e+05    2.99299e+03
      Potential    Kinetic En.   Total Energy  Conserved En.    Temperature
   -5.24306e+05    8.55794e+04   -4.38727e+05   -4.36020e+05    2.99393e+02
 Pres. DC (bar) Pressure (bar)   Constr. rmsd
   -2.23947e+02   -3.04847e+02    3.01290e-06

           Step           Time
         340000      680.00000

   Energies (kJ/mol)
           Bond          Angle    Proper Dih. Ryckaert-Bell.          LJ-14
    1.41695e+03    3.53233e+03    2.51412e+02    1.74676e+03    2.69930e+03
     Coulomb-14        LJ (SR)  Disper. corr.   Coulomb (SR)   Coul. recip.
    7.81815e+03    9.42828e+04   -4.56066e+03   -6.36493e+05    2.98879e+03
      Potential    Kinetic En.   Total Energy  Conserved En.    Temperature
   -5.26317e+05    8.50366e+04   -4.41280e+05   -4.35989e+05    2.97494e+02
 Pres. DC (bar) Pressure (bar)   Constr. rmsd
   -2.25609e+02    1.85127e+02    2.85022e-06

Writing checkpoint, step 343300 at Tue Aug  8 17:15:38 2023


           Step           Time
         345000      690.00000

   Energies (kJ/mol)
           Bond          Angle    Proper Dih. Ryckaert-Bell.          LJ-14
    1.35969e+03    3.67968e+03    2.24326e+02    1.79731e+03    2.77831e+03
     Coulomb-14        LJ (SR)  Disper. corr.   Coulomb (SR)   Coul. recip.
    7.83872e+03    9.41083e+04   -4.55609e+03   -6.35892e+05    3.00973e+03
      Potential    Kinetic En.   Total Energy  Conserved En.    Temperature
   -5.25652e+05    8.49154e+04   -4.40737e+05   -4.35938e+05    2.97070e+02
 Pres. DC (bar) Pressure (bar)   Constr. rmsd
   -2.25157e+02    1.94259e+01    2.76975e-06

           Step           Time
         350000      700.00000

   Energies (kJ/mol)
           Bond          Angle    Proper Dih. Ryckaert-Bell.          LJ-14
    1.52090e+03    3.72488e+03    2.58066e+02    1.80681e+03    2.71644e+03
     Coulomb-14        LJ (SR)  Disper. corr.   Coulomb (SR)   Coul. recip.
    7.83791e+03    9.48340e+04   -4.55837e+03   -6.35417e+05    2.89154e+03
      Potential    Kinetic En.   Total Energy  Conserved En.    Temperature
   -5.24385e+05    8.58192e+04   -4.38566e+05   -4.35886e+05    3.00232e+02
 Pres. DC (bar) Pressure (bar)   Constr. rmsd
   -2.25382e+02    3.59702e+02    3.09104e-06

Writing checkpoint, step 354200 at Tue Aug  8 17:30:37 2023


           Step           Time
         355000      710.00000

   Energies (kJ/mol)
           Bond          Angle    Proper Dih. Ryckaert-Bell.          LJ-14
    1.38483e+03    3.71830e+03    2.54228e+02    1.76450e+03    2.71760e+03
     Coulomb-14        LJ (SR)  Disper. corr.   Coulomb (SR)   Coul. recip.
    7.94870e+03    9.30754e+04   -4.55303e+03   -6.34292e+05    2.97623e+03
      Potential    Kinetic En.   Total Energy  Conserved En.    Temperature
   -5.25005e+05    8.46280e+04   -4.40377e+05   -4.35862e+05    2.96065e+02
 Pres. DC (bar) Pressure (bar)   Constr. rmsd
   -2.24855e+02   -1.20212e+02    2.92360e-06

           Step           Time
         360000      720.00000

   Energies (kJ/mol)
           Bond          Angle    Proper Dih. Ryckaert-Bell.          LJ-14
    1.52598e+03    3.68132e+03    2.56658e+02    1.71716e+03    2.64597e+03
     Coulomb-14        LJ (SR)  Disper. corr.   Coulomb (SR)   Coul. recip.
    7.83528e+03    9.30069e+04   -4.56801e+03   -6.34520e+05    2.84120e+03
      Potential    Kinetic En.   Total Energy  Conserved En.    Temperature
   -5.25578e+05    8.55839e+04   -4.39994e+05   -4.35828e+05    2.99409e+02
 Pres. DC (bar) Pressure (bar)   Constr. rmsd
   -2.26335e+02   -1.88917e+02    2.75661e-06

           Step           Time
         365000      730.00000

   Energies (kJ/mol)
           Bond          Angle    Proper Dih. Ryckaert-Bell.          LJ-14
    1.52541e+03    3.76075e+03    2.23745e+02    1.86736e+03    2.65837e+03
     Coulomb-14        LJ (SR)  Disper. corr.   Coulomb (SR)   Coul. recip.
    7.81067e+03    9.31058e+04   -4.56388e+03   -6.33234e+05    2.91400e+03
      Potential    Kinetic En.   Total Energy  Conserved En.    Temperature
   -5.23932e+05    8.51705e+04   -4.38762e+05   -4.35798e+05    2.97963e+02
 Pres. DC (bar) Pressure (bar)   Constr. rmsd
   -2.25926e+02   -1.02698e+01    3.22787e-06

Writing checkpoint, step 365350 at Tue Aug  8 17:45:35 2023


           Step           Time
         370000      740.00000

   Energies (kJ/mol)
           Bond          Angle    Proper Dih. Ryckaert-Bell.          LJ-14
    1.40754e+03    3.95305e+03    2.96062e+02    1.79455e+03    2.71012e+03
     Coulomb-14        LJ (SR)  Disper. corr.   Coulomb (SR)   Coul. recip.
    7.74633e+03    9.32975e+04   -4.54996e+03   -6.34385e+05    2.88533e+03
      Potential    Kinetic En.   Total Energy  Conserved En.    Temperature
   -5.24844e+05    8.64951e+04   -4.38349e+05   -4.35744e+05    3.02597e+02
 Pres. DC (bar) Pressure (bar)   Constr. rmsd
   -2.24552e+02   -1.33564e+01    3.20807e-06

           Step           Time
         375000      750.00000

   Energies (kJ/mol)
           Bond          Angle    Proper Dih. Ryckaert-Bell.          LJ-14
    1.48736e+03    3.74143e+03    2.52636e+02    1.75282e+03    2.69266e+03
     Coulomb-14        LJ (SR)  Disper. corr.   Coulomb (SR)   Coul. recip.
    7.82515e+03    9.37546e+04   -4.54058e+03   -6.34520e+05    3.01056e+03
      Potential    Kinetic En.   Total Energy  Conserved En.    Temperature
   -5.24543e+05    8.66514e+04   -4.37892e+05   -4.35714e+05    3.03144e+02
 Pres. DC (bar) Pressure (bar)   Constr. rmsd
   -2.23628e+02    6.37072e+01    2.95244e-06

Writing checkpoint, step 376350 at Tue Aug  8 18:00:36 2023


           Step           Time
         380000      760.00000

   Energies (kJ/mol)
           Bond          Angle    Proper Dih. Ryckaert-Bell.          LJ-14
    1.45922e+03    3.79453e+03    2.41289e+02    1.75532e+03    2.66177e+03
     Coulomb-14        LJ (SR)  Disper. corr.   Coulomb (SR)   Coul. recip.
    7.81265e+03    9.34279e+04   -4.56390e+03   -6.34802e+05    2.92711e+03
      Potential    Kinetic En.   Total Energy  Conserved En.    Temperature
   -5.25286e+05    8.51431e+04   -4.40143e+05   -4.35674e+05    2.97867e+02
 Pres. DC (bar) Pressure (bar)   Constr. rmsd
   -2.25928e+02    1.96749e+01    2.73106e-06

           Step           Time
         385000      770.00000

   Energies (kJ/mol)
           Bond          Angle    Proper Dih. Ryckaert-Bell.          LJ-14
    1.48455e+03    3.85457e+03    2.57720e+02    1.74965e+03    2.62728e+03
     Coulomb-14        LJ (SR)  Disper. corr.   Coulomb (SR)   Coul. recip.
    7.80238e+03    9.27036e+04   -4.57154e+03   -6.33897e+05    2.96417e+03
      Potential    Kinetic En.   Total Energy  Conserved En.    Temperature
   -5.25025e+05    8.66583e+04   -4.38366e+05   -4.35643e+05    3.03168e+02
 Pres. DC (bar) Pressure (bar)   Constr. rmsd
   -2.26685e+02   -1.58496e+02    2.88320e-06

Writing checkpoint, step 387250 at Tue Aug  8 18:15:35 2023


           Step           Time
         390000      780.00000

   Energies (kJ/mol)
           Bond          Angle    Proper Dih. Ryckaert-Bell.          LJ-14
    1.42050e+03    3.78479e+03    2.54503e+02    1.82481e+03    2.65585e+03
     Coulomb-14        LJ (SR)  Disper. corr.   Coulomb (SR)   Coul. recip.
    7.74488e+03    9.21367e+04   -4.56173e+03   -6.32866e+05    2.93186e+03
      Potential    Kinetic En.   Total Energy  Conserved En.    Temperature
   -5.24674e+05    8.62220e+04   -4.38452e+05   -4.35599e+05    3.01641e+02
 Pres. DC (bar) Pressure (bar)   Constr. rmsd
   -2.25714e+02   -1.53091e+02    2.99607e-06

           Step           Time
         395000      790.00000

   Energies (kJ/mol)
           Bond          Angle    Proper Dih. Ryckaert-Bell.          LJ-14
    1.47497e+03    3.72360e+03    2.14807e+02    1.83784e+03    2.64753e+03
     Coulomb-14        LJ (SR)  Disper. corr.   Coulomb (SR)   Coul. recip.
    7.71186e+03    9.35000e+04   -4.57005e+03   -6.34409e+05    2.85106e+03
      Potential    Kinetic En.   Total Energy  Conserved En.    Temperature
   -5.25017e+05    8.64800e+04   -4.38537e+05   -4.35559e+05    3.02544e+02
 Pres. DC (bar) Pressure (bar)   Constr. rmsd
   -2.26537e+02   -3.64435e+01    2.81288e-06

Writing checkpoint, step 398250 at Tue Aug  8 18:30:34 2023


           Step           Time
         400000      800.00000

   Energies (kJ/mol)
           Bond          Angle    Proper Dih. Ryckaert-Bell.          LJ-14
    1.44709e+03    3.84426e+03    2.19087e+02    1.72396e+03    2.61114e+03
     Coulomb-14        LJ (SR)  Disper. corr.   Coulomb (SR)   Coul. recip.
    7.79535e+03    9.29282e+04   -4.56689e+03   -6.34896e+05    2.95977e+03
      Potential    Kinetic En.   Total Energy  Conserved En.    Temperature
   -5.25934e+05    8.55386e+04   -4.40396e+05   -4.35507e+05    2.99250e+02
 Pres. DC (bar) Pressure (bar)   Constr. rmsd
   -2.26224e+02   -1.64993e+02    2.66517e-06

           Step           Time
         405000      810.00000

   Energies (kJ/mol)
           Bond          Angle    Proper Dih. Ryckaert-Bell.          LJ-14
    1.35764e+03    3.54424e+03    2.25903e+02    1.74793e+03    2.67670e+03
     Coulomb-14        LJ (SR)  Disper. corr.   Coulomb (SR)   Coul. recip.
    7.80070e+03    9.34091e+04   -4.55568e+03   -6.34792e+05    2.94361e+03
      Potential    Kinetic En.   Total Energy  Conserved En.    Temperature
   -5.25642e+05    8.53209e+04   -4.40321e+05   -4.35493e+05    2.98489e+02
 Pres. DC (bar) Pressure (bar)   Constr. rmsd
   -2.25116e+02    1.30742e+01    3.28994e-06

Writing checkpoint, step 409350 at Tue Aug  8 18:45:37 2023


           Step           Time
         410000      820.00000

   Energies (kJ/mol)
           Bond          Angle    Proper Dih. Ryckaert-Bell.          LJ-14
    1.52265e+03    3.75060e+03    2.81906e+02    1.74710e+03    2.67815e+03
     Coulomb-14        LJ (SR)  Disper. corr.   Coulomb (SR)   Coul. recip.
    7.79380e+03    9.31658e+04   -4.54577e+03   -6.33196e+05    2.93151e+03
      Potential    Kinetic En.   Total Energy  Conserved En.    Temperature
   -5.23870e+05    8.58797e+04   -4.37991e+05   -4.35432e+05    3.00444e+02
 Pres. DC (bar) Pressure (bar)   Constr. rmsd
   -2.24140e+02    9.38350e+01    2.85082e-06

           Step           Time
         415000      830.00000

   Energies (kJ/mol)
           Bond          Angle    Proper Dih. Ryckaert-Bell.          LJ-14
    1.45942e+03    3.72486e+03    2.25748e+02    1.75067e+03    2.64353e+03
     Coulomb-14        LJ (SR)  Disper. corr.   Coulomb (SR)   Coul. recip.
    7.87304e+03    9.34282e+04   -4.55526e+03   -6.35087e+05    2.96345e+03
      Potential    Kinetic En.   Total Energy  Conserved En.    Temperature
   -5.25574e+05    8.51951e+04   -4.40378e+05   -4.35396e+05    2.98049e+02
 Pres. DC (bar) Pressure (bar)   Constr. rmsd
   -2.25075e+02   -5.93901e+01    3.37243e-06

           Step           Time
         420000      840.00000

   Energies (kJ/mol)
           Bond          Angle    Proper Dih. Ryckaert-Bell.          LJ-14
    1.44995e+03    3.91840e+03    2.83527e+02    1.76806e+03    2.65167e+03
     Coulomb-14        LJ (SR)  Disper. corr.   Coulomb (SR)   Coul. recip.
    7.85394e+03    9.42081e+04   -4.56402e+03   -6.35260e+05    2.92622e+03
      Potential    Kinetic En.   Total Energy  Conserved En.    Temperature
   -5.24764e+05    8.54689e+04   -4.39295e+05   -4.35333e+05    2.99007e+02
 Pres. DC (bar) Pressure (bar)   Constr. rmsd
   -2.25940e+02    1.61864e+02    2.72430e-06

Writing checkpoint, step 420850 at Tue Aug  8 19:00:34 2023


           Step           Time
         425000      850.00000

   Energies (kJ/mol)
           Bond          Angle    Proper Dih. Ryckaert-Bell.          LJ-14
    1.42583e+03    3.74549e+03    2.74506e+02    1.69665e+03    2.65906e+03
     Coulomb-14        LJ (SR)  Disper. corr.   Coulomb (SR)   Coul. recip.
    7.73500e+03    9.34646e+04   -4.56431e+03   -6.33650e+05    2.98670e+03
      Potential    Kinetic En.   Total Energy  Conserved En.    Temperature
   -5.24227e+05    8.58934e+04   -4.38333e+05   -4.35327e+05    3.00492e+02
 Pres. DC (bar) Pressure (bar)   Constr. rmsd
   -2.25969e+02    1.31064e+02    2.80393e-06

           Step           Time
         430000      860.00000

   Energies (kJ/mol)
           Bond          Angle    Proper Dih. Ryckaert-Bell.          LJ-14
    1.55320e+03    3.75026e+03    2.45977e+02    1.78073e+03    2.61928e+03
     Coulomb-14        LJ (SR)  Disper. corr.   Coulomb (SR)   Coul. recip.
    7.79895e+03    9.29057e+04   -4.53656e+03   -6.33116e+05    2.88751e+03
      Potential    Kinetic En.   Total Energy  Conserved En.    Temperature
   -5.24111e+05    8.54940e+04   -4.38617e+05   -4.35282e+05    2.99094e+02
 Pres. DC (bar) Pressure (bar)   Constr. rmsd
   -2.23233e+02   -2.47515e+02    2.75735e-06

Writing checkpoint, step 432250 at Tue Aug  8 19:15:37 2023


           Step           Time
         435000      870.00000

   Energies (kJ/mol)
           Bond          Angle    Proper Dih. Ryckaert-Bell.          LJ-14
    1.39224e+03    3.77842e+03    2.21696e+02    1.77178e+03    2.62869e+03
     Coulomb-14        LJ (SR)  Disper. corr.   Coulomb (SR)   Coul. recip.
    7.78036e+03    9.39122e+04   -4.57227e+03   -6.35017e+05    2.94721e+03
      Potential    Kinetic En.   Total Energy  Conserved En.    Temperature
   -5.25157e+05    8.54799e+04   -4.39677e+05   -4.35228e+05    2.99045e+02
 Pres. DC (bar) Pressure (bar)   Constr. rmsd
   -2.26757e+02    1.03948e+02    2.83980e-06

           Step           Time
         440000      880.00000

   Energies (kJ/mol)
           Bond          Angle    Proper Dih. Ryckaert-Bell.          LJ-14
    1.34447e+03    3.89698e+03    2.64840e+02    1.72068e+03    2.68918e+03
     Coulomb-14        LJ (SR)  Disper. corr.   Coulomb (SR)   Coul. recip.
    7.82268e+03    9.34683e+04   -4.57261e+03   -6.34297e+05    2.93470e+03
      Potential    Kinetic En.   Total Energy  Conserved En.    Temperature
   -5.24727e+05    8.59218e+04   -4.38806e+05   -4.35214e+05    3.00591e+02
 Pres. DC (bar) Pressure (bar)   Constr. rmsd
   -2.26791e+02    1.22703e+02    3.03527e-06

Writing checkpoint, step 443800 at Tue Aug  8 19:30:34 2023


           Step           Time
         445000      890.00000

   Energies (kJ/mol)
           Bond          Angle    Proper Dih. Ryckaert-Bell.          LJ-14
    1.52260e+03    3.83117e+03    2.65829e+02    1.80183e+03    2.58840e+03
     Coulomb-14        LJ (SR)  Disper. corr.   Coulomb (SR)   Coul. recip.
    7.80032e+03    9.52013e+04   -4.55991e+03   -6.37778e+05    2.94052e+03
      Potential    Kinetic En.   Total Energy  Conserved En.    Temperature
   -5.26386e+05    8.61541e+04   -4.40232e+05   -4.35160e+05    3.01404e+02
 Pres. DC (bar) Pressure (bar)   Constr. rmsd
   -2.25534e+02    8.66372e+01    2.76704e-06

           Step           Time
         450000      900.00000

   Energies (kJ/mol)
           Bond          Angle    Proper Dih. Ryckaert-Bell.          LJ-14
    1.42907e+03    3.77928e+03    2.38917e+02    1.64789e+03    2.68919e+03
     Coulomb-14        LJ (SR)  Disper. corr.   Coulomb (SR)   Coul. recip.
    7.78601e+03    9.35331e+04   -4.53714e+03   -6.35395e+05    2.85708e+03
      Potential    Kinetic En.   Total Energy  Conserved En.    Temperature
   -5.25971e+05    8.54309e+04   -4.40540e+05   -4.35149e+05    2.98874e+02
 Pres. DC (bar) Pressure (bar)   Constr. rmsd
   -2.23290e+02   -7.80224e+01    3.20215e-06

           Step           Time
         455000      910.00000

   Energies (kJ/mol)
           Bond          Angle    Proper Dih. Ryckaert-Bell.          LJ-14
    1.56559e+03    3.55704e+03    2.53027e+02    1.85949e+03    2.70364e+03
     Coulomb-14        LJ (SR)  Disper. corr.   Coulomb (SR)   Coul. recip.
    7.81979e+03    9.38499e+04   -4.56676e+03   -6.34917e+05    2.89190e+03
      Potential    Kinetic En.   Total Energy  Conserved En.    Temperature
   -5.24983e+05    8.51972e+04   -4.39786e+05   -4.35107e+05    2.98056e+02
 Pres. DC (bar) Pressure (bar)   Constr. rmsd
   -2.26212e+02    5.26553e+01    2.83335e-06

Writing checkpoint, step 455400 at Tue Aug  8 19:45:34 2023


           Step           Time
         460000      920.00000

   Energies (kJ/mol)
           Bond          Angle    Proper Dih. Ryckaert-Bell.          LJ-14
    1.46744e+03    3.75006e+03    2.27220e+02    1.71063e+03    2.70295e+03
     Coulomb-14        LJ (SR)  Disper. corr.   Coulomb (SR)   Coul. recip.
    7.84373e+03    9.52480e+04   -4.55464e+03   -6.36998e+05    2.95850e+03
      Potential    Kinetic En.   Total Energy  Conserved En.    Temperature
   -5.25644e+05    8.46574e+04   -4.40987e+05   -4.35046e+05    2.96168e+02
 Pres. DC (bar) Pressure (bar)   Constr. rmsd
   -2.25014e+02    1.60378e+02    2.58332e-06

           Step           Time
         465000      930.00000

   Energies (kJ/mol)
           Bond          Angle    Proper Dih. Ryckaert-Bell.          LJ-14
    1.40608e+03    3.77828e+03    2.50326e+02    1.79590e+03    2.59863e+03
     Coulomb-14        LJ (SR)  Disper. corr.   Coulomb (SR)   Coul. recip.
    7.79115e+03    9.31587e+04   -4.57442e+03   -6.35218e+05    2.96141e+03
      Potential    Kinetic En.   Total Energy  Conserved En.    Temperature
   -5.26052e+05    8.51669e+04   -4.40885e+05   -4.35001e+05    2.97950e+02
 Pres. DC (bar) Pressure (bar)   Constr. rmsd
   -2.26970e+02   -1.64525e+02    2.81028e-06

Writing checkpoint, step 467050 at Tue Aug  8 20:00:37 2023


           Step           Time
         470000      940.00000

   Energies (kJ/mol)
           Bond          Angle    Proper Dih. Ryckaert-Bell.          LJ-14
    1.41355e+03    3.98498e+03    2.89790e+02    1.81525e+03    2.67276e+03
     Coulomb-14        LJ (SR)  Disper. corr.   Coulomb (SR)   Coul. recip.
    7.74658e+03    9.31467e+04   -4.57295e+03   -6.34245e+05    2.79573e+03
      Potential    Kinetic En.   Total Energy  Conserved En.    Temperature
   -5.24953e+05    8.55741e+04   -4.39378e+05   -4.34968e+05    2.99375e+02
 Pres. DC (bar) Pressure (bar)   Constr. rmsd
   -2.26825e+02    4.51752e+01    2.63927e-06

           Step           Time
         475000      950.00000

   Energies (kJ/mol)
           Bond          Angle    Proper Dih. Ryckaert-Bell.          LJ-14
    1.53046e+03    3.72049e+03    2.48841e+02    1.75156e+03    2.60528e+03
     Coulomb-14        LJ (SR)  Disper. corr.   Coulomb (SR)   Coul. recip.
    7.71287e+03    9.31602e+04   -4.55358e+03   -6.34758e+05    2.85796e+03
      Potential    Kinetic En.   Total Energy  Conserved En.    Temperature
   -5.25724e+05    8.58476e+04   -4.39876e+05   -4.34947e+05    3.00331e+02
 Pres. DC (bar) Pressure (bar)   Constr. rmsd
   -2.24909e+02   -1.94283e+02    2.77002e-06

Writing checkpoint, step 478900 at Tue Aug  8 20:15:34 2023


           Step           Time
         480000      960.00000

   Energies (kJ/mol)
           Bond          Angle    Proper Dih. Ryckaert-Bell.          LJ-14
    1.49989e+03    3.77542e+03    2.70309e+02    1.82122e+03    2.59186e+03
     Coulomb-14        LJ (SR)  Disper. corr.   Coulomb (SR)   Coul. recip.
    7.79237e+03    9.16009e+04   -4.53828e+03   -6.32255e+05    2.88810e+03
      Potential    Kinetic En.   Total Energy  Conserved En.    Temperature
   -5.24553e+05    8.56599e+04   -4.38893e+05   -4.34919e+05    2.99675e+02
 Pres. DC (bar) Pressure (bar)   Constr. rmsd
   -2.23402e+02   -4.62478e+02    3.15462e-06

           Step           Time
         485000      970.00000

   Energies (kJ/mol)
           Bond          Angle    Proper Dih. Ryckaert-Bell.          LJ-14
    1.55741e+03    3.62413e+03    2.89809e+02    1.92256e+03    2.58663e+03
     Coulomb-14        LJ (SR)  Disper. corr.   Coulomb (SR)   Coul. recip.
    7.78860e+03    9.34163e+04   -4.55334e+03   -6.34233e+05    3.00780e+03
      Potential    Kinetic En.   Total Energy  Conserved En.    Temperature
   -5.24593e+05    8.49923e+04   -4.39600e+05   -4.34850e+05    2.97339e+02
 Pres. DC (bar) Pressure (bar)   Constr. rmsd
   -2.24886e+02   -6.02442e+01    3.11807e-06

           Step           Time
         490000      980.00000

   Energies (kJ/mol)
           Bond          Angle    Proper Dih. Ryckaert-Bell.          LJ-14
    1.38714e+03    3.77179e+03    2.52247e+02    1.70170e+03    2.68724e+03
     Coulomb-14        LJ (SR)  Disper. corr.   Coulomb (SR)   Coul. recip.
    7.80315e+03    9.27389e+04   -4.54921e+03   -6.34324e+05    2.90862e+03
      Potential    Kinetic En.   Total Energy  Conserved En.    Temperature
   -5.25623e+05    8.62686e+04   -4.39354e+05   -4.34848e+05    3.01804e+02
 Pres. DC (bar) Pressure (bar)   Constr. rmsd
   -2.24478e+02   -1.45404e+02    2.73773e-06

Writing checkpoint, step 491050 at Tue Aug  8 20:30:37 2023


           Step           Time
         495000      990.00000

   Energies (kJ/mol)
           Bond          Angle    Proper Dih. Ryckaert-Bell.          LJ-14
    1.48053e+03    3.82074e+03    2.41943e+02    1.68448e+03    2.62346e+03
     Coulomb-14        LJ (SR)  Disper. corr.   Coulomb (SR)   Coul. recip.
    7.85794e+03    9.41633e+04   -4.56294e+03   -6.34513e+05    2.97648e+03
      Potential    Kinetic En.   Total Energy  Conserved En.    Temperature
   -5.24227e+05    8.53350e+04   -4.38892e+05   -4.34791e+05    2.98538e+02
 Pres. DC (bar) Pressure (bar)   Constr. rmsd
   -2.25834e+02    1.05821e+02    2.69029e-06

           Step           Time
         500000     1000.00000

Writing checkpoint, step 500000 at Tue Aug  8 20:41:14 2023


   Energies (kJ/mol)
           Bond          Angle    Proper Dih. Ryckaert-Bell.          LJ-14
    1.51122e+03    3.66281e+03    2.32330e+02    1.75469e+03    2.71237e+03
     Coulomb-14        LJ (SR)  Disper. corr.   Coulomb (SR)   Coul. recip.
    7.85258e+03    9.53500e+04   -4.55876e+03   -6.37178e+05    2.91037e+03
      Potential    Kinetic En.   Total Energy  Conserved En.    Temperature
   -5.25751e+05    8.55043e+04   -4.40246e+05   -4.34742e+05    2.99130e+02
 Pres. DC (bar) Pressure (bar)   Constr. rmsd
   -2.25421e+02    3.04507e+02    2.92561e-06


Energy conservation over simulation part #1 of length 1000 ns, time 0 to 1000 ns
  Conserved energy drift: 1.19e-04 kJ/mol/ps per atom


	<======  ###############  ==>
	<====  A V E R A G E S  ====>
	<==  ###############  ======>

	Statistics over 500001 steps using 5001 frames

   Energies (kJ/mol)
           Bond          Angle    Proper Dih. Ryckaert-Bell.          LJ-14
    1.46837e+03    3.77245e+03    2.49274e+02    1.79444e+03    2.66497e+03
     Coulomb-14        LJ (SR)  Disper. corr.   Coulomb (SR)   Coul. recip.
    7.81643e+03    9.36503e+04   -4.55797e+03   -6.34750e+05    2.93362e+03
      Potential    Kinetic En.   Total Energy  Conserved En.    Temperature
   -5.24958e+05    8.57462e+04   -4.39212e+05   -4.36747e+05    2.99977e+02
 Pres. DC (bar) Pressure (bar)   Constr. rmsd
   -2.25344e+02    2.77823e+00    0.00000e+00

          Box-X          Box-Y          Box-Z
    6.95395e+00    6.95395e+00    6.95395e+00

   Total Virial (kJ/mol)
    2.85710e+04   -1.53256e+01    1.44639e+01
   -1.53595e+01    2.85572e+04   -2.39009e+01
    1.44627e+01   -2.39514e+01    2.85381e+04

   Pressure (bar)
    1.82857e+00    1.12594e+00   -1.15699e+00
    1.12929e+00    2.58890e+00    4.15037e-01
   -1.15686e+00    4.20020e-01    3.91720e+00

      T-Protein  T-non-Protein
    3.00037e+02    2.99972e+02


	M E G A - F L O P S   A C C O U N T I N G

 NB=Group-cutoff nonbonded kernels    NxN=N-by-N cluster Verlet kernels
 RF=Reaction-Field  VdW=Van der Waals  QSTab=quadratic-spline table
 W3=SPC/TIP3p  W4=TIP4p (single or pairs)
 V&F=Potential and force  V=Potential only  F=Force only

 Computing:                               M-Number         M-Flops  % Flops
-----------------------------------------------------------------------------
 Pair Search distance check          116214.774532     1045932.971     0.3
 NxN QSTab Elec. + LJ [F]           4520034.425848   185321411.460    52.6
 NxN QSTab Elec. + LJ [V&F]           45666.017424     2694295.028     0.8
 NxN QSTab Elec. [F]                4006326.497864   136215100.927    38.7
 NxN QSTab Elec. [V&F]                40476.644704     1659542.433     0.5
 1,4 nonbonded interactions            2553.005106      229770.460     0.1
 Calc Weights                         50814.101628     1829307.659     0.5
 Spread Q Bspline                   1084034.168064     2168068.336     0.6
 Gather F Bspline                   1084034.168064     6504205.008     1.8
 3D-FFT                             1395170.790336    11161366.323     3.2
 Solve PME                              968.001936       61952.124     0.0
 Shift-X                                338.793876        2032.763     0.0
 Bonds                                  512.501025       30237.560     0.0
 Angles                                1773.503547      297948.596     0.1
 Propers                                213.000426       48777.098     0.0
 RB-Dihedrals                          1975.003950      487825.976     0.1
 Virial                                1696.083921       30529.511     0.0
 Stop-CM                                169.413876        1694.139     0.0
 Calc-Ekin                             3387.667752       91467.029     0.0
 Lincs                                  479.500959       28770.058     0.0
 Lincs-Mat                             2388.004776        9552.019     0.0
 Constraint-V                         16913.033826      152217.304     0.0
 Constraint-Vir                        1643.382867       39441.189     0.0
 Settle                                5318.010636     1967663.935     0.6
-----------------------------------------------------------------------------
 Total                                               352079109.905   100.0
-----------------------------------------------------------------------------


     R E A L   C Y C L E   A N D   T I M E   A C C O U N T I N G

On 1 MPI rank, each using 4 OpenMP threads

 Computing:          Num   Num      Call    Wall time         Giga-Cycles
                     Ranks Threads  Count      (s)         total sum    %
-----------------------------------------------------------------------------
 Neighbor search        1    4      10001     706.052       6762.446   1.8
 Force                  1    4     500001   29584.027     283350.848  77.0
 PME mesh               1    4     500001    6038.971      57840.251  15.7
 NB X/F buffer ops.     1    4     990001     848.538       8127.155   2.2
 Write traj.            1    4        143      11.124        106.544   0.0
 Update                 1    4     500001     460.757       4413.058   1.2
 Constraints            1    4     500001     633.135       6064.063   1.6
 Rest                                         158.672       1519.729   0.4
-----------------------------------------------------------------------------
 Total                                      38441.277     368184.094 100.0
-----------------------------------------------------------------------------
 Breakdown of PME mesh computation
-----------------------------------------------------------------------------
 PME spread             1    4     500001    2107.024      20180.725   5.5
 PME gather             1    4     500001    2527.325      24206.296   6.6
 PME 3D-FFT             1    4    1000002    1178.235      11284.935   3.1
 PME solve Elec         1    4     500001     139.710       1338.117   0.4
-----------------------------------------------------------------------------

               Core t (s)   Wall t (s)        (%)
       Time:   153765.105    38441.277      400.0
                         10h40:41
                 (ns/day)    (hour/ns)
Performance:        2.248       10.678
Finished mdrun on rank 0 Tue Aug  8 20:41:14 2023

